Compiling 1 files with Solc 0.8.28
Solc 0.8.28 finished in 1.69s
Compiler run successful with warnings:
Warning (2072): Unused local variable.
   --> src/MetaVault.sol:126:5:
    |
126 |     uint256 totalOwnedAssets = ERC4626(strategy).convertToAssets(sharesBalance);
    |     ^^^^^^^^^^^^^^^^^^^^^^^^


Ran 21 tests for test/Teller/TellerTest.t.sol:TellerTest
[PASS] test_Bridge_normal() (gas: 610942)
[PASS] test_Burn_normal() (gas: 409714)
[FAIL: EvmError: Revert] test_DepositAndBridge_normal() (gas: 513594)
Traces:
  [513594] TellerTest::test_DepositAndBridge_normal()
    ├─ [9839] USDC::balanceOf(alice: [0x328809Bc894f92807417D2dAD6b7C998c1aFdac6]) [staticcall]
    │   ├─ [2553] 0x43506849D7C04F9138D1A2050bbF3A0c054402dd::balanceOf(alice: [0x328809Bc894f92807417D2dAD6b7C998c1aFdac6]) [delegatecall]
    │   │   └─ ← [Return] 0
    │   └─ ← [Return] 0
    ├─ [0] VM::record()
    │   └─ ← [Return] 
    ├─ [1339] USDC::balanceOf(alice: [0x328809Bc894f92807417D2dAD6b7C998c1aFdac6]) [staticcall]
    │   ├─ [553] 0x43506849D7C04F9138D1A2050bbF3A0c054402dd::balanceOf(alice: [0x328809Bc894f92807417D2dAD6b7C998c1aFdac6]) [delegatecall]
    │   │   └─ ← [Return] 0
    │   └─ ← [Return] 0
    ├─ [0] VM::accesses(USDC: [0xA0b86991c6218b36c1d19D4a2e9Eb0cE3606eB48])
    │   └─ ← [Return] [0x10d6a54a4754c8869d6886b5f5d7fbfa5b4522237ea5c60d11bc4e7a1ff9390b, 0x7050c9e0f4ca769c69bd3a8ef740bc37934f8e2c036e5a723fd8ee048ed3f8c3, 0xc72d342fadcf766933e0a8af1975f06057ddbde275343c23eafc8b1eef88a140], []
    ├─ [0] VM::load(USDC: [0xA0b86991c6218b36c1d19D4a2e9Eb0cE3606eB48], 0xc72d342fadcf766933e0a8af1975f06057ddbde275343c23eafc8b1eef88a140) [staticcall]
    │   └─ ← [Return] 0x0000000000000000000000000000000000000000000000000000000000000000
    ├─ emit WARNING_UninitedSlot(who: USDC: [0xA0b86991c6218b36c1d19D4a2e9Eb0cE3606eB48], slot: 90090125162216936645078478120999799806540352834892895529602621057096510644544 [9.009e76])
    ├─ [0] VM::load(USDC: [0xA0b86991c6218b36c1d19D4a2e9Eb0cE3606eB48], 0xc72d342fadcf766933e0a8af1975f06057ddbde275343c23eafc8b1eef88a140) [staticcall]
    │   └─ ← [Return] 0x0000000000000000000000000000000000000000000000000000000000000000
    ├─ [1339] USDC::balanceOf(alice: [0x328809Bc894f92807417D2dAD6b7C998c1aFdac6]) [staticcall]
    │   ├─ [553] 0x43506849D7C04F9138D1A2050bbF3A0c054402dd::balanceOf(alice: [0x328809Bc894f92807417D2dAD6b7C998c1aFdac6]) [delegatecall]
    │   │   └─ ← [Return] 0
    │   └─ ← [Return] 0
    ├─ [0] VM::store(USDC: [0xA0b86991c6218b36c1d19D4a2e9Eb0cE3606eB48], 0xc72d342fadcf766933e0a8af1975f06057ddbde275343c23eafc8b1eef88a140, 0xffffffffffffffffffffffffffffffffffffffffffffffffffffffffffffffff)
    │   └─ ← [Return] 
    ├─ [1339] USDC::balanceOf(alice: [0x328809Bc894f92807417D2dAD6b7C998c1aFdac6]) [staticcall]
    │   ├─ [553] 0x43506849D7C04F9138D1A2050bbF3A0c054402dd::balanceOf(alice: [0x328809Bc894f92807417D2dAD6b7C998c1aFdac6]) [delegatecall]
    │   │   └─ ← [Return] 57896044618658097711785492504343953926634992332820282019728792003956564819967 [5.789e76]
    │   └─ ← [Return] 57896044618658097711785492504343953926634992332820282019728792003956564819967 [5.789e76]
    ├─ [0] VM::store(USDC: [0xA0b86991c6218b36c1d19D4a2e9Eb0cE3606eB48], 0xc72d342fadcf766933e0a8af1975f06057ddbde275343c23eafc8b1eef88a140, 0x0000000000000000000000000000000000000000000000000000000000000000)
    │   └─ ← [Return] 
    ├─ emit SlotFound(who: USDC: [0xA0b86991c6218b36c1d19D4a2e9Eb0cE3606eB48], fsig: 0x70a08231, keysHash: 0xd3751b735d9edcdf3462f9493be94138f68ee6a5bfd2c14f7e1a7b0b58f11cca, slot: 90090125162216936645078478120999799806540352834892895529602621057096510644544 [9.009e76])
    ├─ [0] VM::load(USDC: [0xA0b86991c6218b36c1d19D4a2e9Eb0cE3606eB48], 0xc72d342fadcf766933e0a8af1975f06057ddbde275343c23eafc8b1eef88a140) [staticcall]
    │   └─ ← [Return] 0x0000000000000000000000000000000000000000000000000000000000000000
    ├─ [0] VM::store(USDC: [0xA0b86991c6218b36c1d19D4a2e9Eb0cE3606eB48], 0xc72d342fadcf766933e0a8af1975f06057ddbde275343c23eafc8b1eef88a140, 0x00000000000000000000000000000000000000000000000000000000000f4240)
    │   └─ ← [Return] 
    ├─ [1339] USDC::balanceOf(alice: [0x328809Bc894f92807417D2dAD6b7C998c1aFdac6]) [staticcall]
    │   ├─ [553] 0x43506849D7C04F9138D1A2050bbF3A0c054402dd::balanceOf(alice: [0x328809Bc894f92807417D2dAD6b7C998c1aFdac6]) [delegatecall]
    │   │   └─ ← [Return] 1000000 [1e6]
    │   └─ ← [Return] 1000000 [1e6]
    ├─ [0] VM::prank(alice: [0x328809Bc894f92807417D2dAD6b7C998c1aFdac6])
    │   └─ ← [Return] 
    ├─ [27462] USDC::approve(TransparentUpgradeableProxy: [0x5991A2dF15A8F6A256D3Ec51E99254Cd3fb576A9], 1000000 [1e6])
    │   ├─ [26673] 0x43506849D7C04F9138D1A2050bbF3A0c054402dd::approve(TransparentUpgradeableProxy: [0x5991A2dF15A8F6A256D3Ec51E99254Cd3fb576A9], 1000000 [1e6]) [delegatecall]
    │   │   ├─ emit Approval(owner: alice: [0x328809Bc894f92807417D2dAD6b7C998c1aFdac6], spender: TransparentUpgradeableProxy: [0x5991A2dF15A8F6A256D3Ec51E99254Cd3fb576A9], amount: 1000000 [1e6])
    │   │   └─ ← [Return] true
    │   └─ ← [Return] true
    ├─ [0] VM::prank(curator: [0xD22c503216d1FFC1Da829E7B3a12925Cb9641F47])
    │   └─ ← [Return] 
    ├─ [0] VM::addr(<pk>) [staticcall]
    │   └─ ← [Return] oft receiver: [0xc48E344D2B8eCfe5D4d39134BAeb6E5d3dA006F9]
    ├─ [0] VM::label(oft receiver: [0xc48E344D2B8eCfe5D4d39134BAeb6E5d3dA006F9], "oft receiver")
    │   └─ ← [Return] 
    ├─ [31056] TransparentUpgradeableProxy::fallback(30110 [3.011e4], 0xc48e344d2b8ecfe5d4d39134baeb6e5d3da006f9000000000000000000000000)
    │   ├─ [26141] MetaVault::setPeer(30110 [3.011e4], 0xc48e344d2b8ecfe5d4d39134baeb6e5d3da006f9000000000000000000000000) [delegatecall]
    │   │   ├─ emit PeerSet(eid: 30110 [3.011e4], peer: 0xc48e344d2b8ecfe5d4d39134baeb6e5d3da006f9000000000000000000000000)
    │   │   └─ ← [Stop] 
    │   └─ ← [Return] 
    ├─ [173401] TransparentUpgradeableProxy::fallback(SendParam({ dstEid: 30110 [3.011e4], to: 0x0000000000000000000000000000000000000000000000000000000000000000, amountLD: 900000 [9e5], minAmountLD: 0, extraOptions: 0x0003010011010000000000000000000000000000ea60, composeMsg: 0x, oftCmd: 0x }), false) [staticcall]
    │   ├─ [172914] MetaVault::quoteSend(SendParam({ dstEid: 30110 [3.011e4], to: 0x0000000000000000000000000000000000000000000000000000000000000000, amountLD: 900000 [9e5], minAmountLD: 0, extraOptions: 0x0003010011010000000000000000000000000000ea60, composeMsg: 0x, oftCmd: 0x }), false) [delegatecall]
    │   │   ├─ [156973] 0x1a44076050125825900e736c501f859c50fE728c::quote(MessagingParams({ dstEid: 30110 [3.011e4], receiver: 0xc48e344d2b8ecfe5d4d39134baeb6e5d3da006f9000000000000000000000000, message: 0x00000000000000000000000000000000000000000000000000000000000000000000000000000000, options: 0x0003010011010000000000000000000000000000ea60, payInLzToken: false }), TransparentUpgradeableProxy: [0x5991A2dF15A8F6A256D3Ec51E99254Cd3fb576A9]) [staticcall]
    │   │   │   ├─ [143355] 0xbB2Ea70C9E858123480642Cf96acbcCE1372dCe1::quote(Packet({ nonce: 1, srcEid: 30101 [3.01e4], sender: 0x5991A2dF15A8F6A256D3Ec51E99254Cd3fb576A9, dstEid: 30110 [3.011e4], receiver: 0xc48e344d2b8ecfe5d4d39134baeb6e5d3da006f9000000000000000000000000, guid: 0x2061c9be633e35744d7bdb75c748fbac76888847dbfda2a24f50985b477f92b8, message: 0x00000000000000000000000000000000000000000000000000000000000000000000000000000000 }), 0x0003010011010000000000000000000000000000ea60, false) [staticcall]
    │   │   │   │   ├─ [41797] 0x589dEDbD617e0CBcB916A9223F4d1300c294236b::getFee(30110 [3.011e4], 15, TransparentUpgradeableProxy: [0x5991A2dF15A8F6A256D3Ec51E99254Cd3fb576A9], 0x) [staticcall]
    │   │   │   │   │   ├─ [26427] 0xb3e790273f0A89e53d2C20dD4dFe82AA00bbf91b::getFee((0xC03f31fD86a9077785b7bCf6598Ce3598Fa91113, 30110 [3.011e4], 15, 0x5991A2dF15A8F6A256D3Ec51E99254Cd3fb576A9, 2, 12200 [1.22e4]), (180000 [1.8e5], 12000 [1.2e4], 0), 0x) [staticcall]
    │   │   │   │   │   │   ├─ [20437] 0xC03f31fD86a9077785b7bCf6598Ce3598Fa91113::estimateFeeByEid(30110 [3.011e4], 516, 180000 [1.8e5]) [staticcall]
    │   │   │   │   │   │   │   ├─ [15350] 0x319AE539b5BA554b09A46791cdb88b10E4d8F627::estimateFeeByEid(30110 [3.011e4], 516, 180000 [1.8e5]) [delegatecall]
    │   │   │   │   │   │   │   │   └─ ← [Return] 0x000000000000000000000000000000000000000000000000000001f4ccd292000000000000000000000000000000000000000000000000056bc75e2d631000010000000000000000000000000000000000000000000000056bc75e2d63100000000000000000000000000000000000000000000000004670bdbfc45677250000
    │   │   │   │   │   │   │   └─ ← [Return] 0x000000000000000000000000000000000000000000000000000001f4ccd292000000000000000000000000000000000000000000000000056bc75e2d631000010000000000000000000000000000000000000000000000056bc75e2d63100000000000000000000000000000000000000000000000004670bdbfc45677250000
    │   │   │   │   │   │   └─ ← [Return] 0x00000000000000000000000000000000000000000000000000000258f5c97c00
    │   │   │   │   │   └─ ← [Return] 0x00000000000000000000000000000000000000000000000000000258f5c97c00
    │   │   │   │   ├─ [24678] 0xD56e4eAb23cb81f43168F9F45211Eb027b9aC7cc::getFee(30110 [3.011e4], 15, TransparentUpgradeableProxy: [0x5991A2dF15A8F6A256D3Ec51E99254Cd3fb576A9], 0x) [staticcall]
    │   │   │   │   │   ├─ [9284] 0xdeA04ef31C4B4FDf31CB58923F37869739280d49::getFee((0xC03f31fD86a9077785b7bCf6598Ce3598Fa91113, 30110 [3.011e4], 15, 0x5991A2dF15A8F6A256D3Ec51E99254Cd3fb576A9, 2, 12100 [1.21e4]), (180000 [1.8e5], 12000 [1.2e4], 0), 0x) [staticcall]
    │   │   │   │   │   │   ├─ [5937] 0xC03f31fD86a9077785b7bCf6598Ce3598Fa91113::estimateFeeByEid(30110 [3.011e4], 516, 180000 [1.8e5]) [staticcall]
    │   │   │   │   │   │   │   ├─ [5350] 0x319AE539b5BA554b09A46791cdb88b10E4d8F627::estimateFeeByEid(30110 [3.011e4], 516, 180000 [1.8e5]) [delegatecall]
    │   │   │   │   │   │   │   │   └─ ← [Return] 0x000000000000000000000000000000000000000000000000000001f4ccd292000000000000000000000000000000000000000000000000056bc75e2d631000010000000000000000000000000000000000000000000000056bc75e2d63100000000000000000000000000000000000000000000000004670bdbfc45677250000
    │   │   │   │   │   │   │   └─ ← [Return] 0x000000000000000000000000000000000000000000000000000001f4ccd292000000000000000000000000000000000000000000000000056bc75e2d631000010000000000000000000000000000000000000000000000056bc75e2d63100000000000000000000000000000000000000000000000004670bdbfc45677250000
    │   │   │   │   │   │   └─ ← [Return] 0x00000000000000000000000000000000000000000000000000000258f5c97c00
    │   │   │   │   │   └─ ← [Return] 0x00000000000000000000000000000000000000000000000000000258f5c97c00
    │   │   │   │   ├─ [34465] 0x173272739Bd7Aa6e4e214714048a9fE699453059::getFee(30110 [3.011e4], TransparentUpgradeableProxy: [0x5991A2dF15A8F6A256D3Ec51E99254Cd3fb576A9], 40, 0x010011010000000000000000000000000000ea60) [staticcall]
    │   │   │   │   │   ├─ [29369] 0xfE9AB78eD4f9f3DbB168d9f5E5213d78605C9805::getFee(30110 [3.011e4], TransparentUpgradeableProxy: [0x5991A2dF15A8F6A256D3Ec51E99254Cd3fb576A9], 40, 0x010011010000000000000000000000000000ea60) [delegatecall]
    │   │   │   │   │   │   ├─ [11968] 0x4e9C57FD2Bd0f47C43F2D62642C1b05894fb9ed0::getFee((0xC03f31fD86a9077785b7bCf6598Ce3598Fa91113, 30110 [3.011e4], 0x5991A2dF15A8F6A256D3Ec51E99254Cd3fb576A9, 40, 12000 [1.2e4]), (1, 12000 [1.2e4], 5000000000000000000 [5e18], 240000000000000000 [2.4e17], 1), 0x010011010000000000000000000000000000ea60) [staticcall]
    │   │   │   │   │   │   │   ├─ [5937] 0xC03f31fD86a9077785b7bCf6598Ce3598Fa91113::estimateFeeByEid(30110 [3.011e4], 40, 60001 [6e4]) [staticcall]
    │   │   │   │   │   │   │   │   ├─ [5350] 0x319AE539b5BA554b09A46791cdb88b10E4d8F627::estimateFeeByEid(30110 [3.011e4], 40, 60001 [6e4]) [delegatecall]
    │   │   │   │   │   │   │   │   │   └─ ← [Return] 0x000000000000000000000000000000000000000000000000000000a72a58c8800000000000000000000000000000000000000000000000056bc75e2d631000010000000000000000000000000000000000000000000000056bc75e2d63100000000000000000000000000000000000000000000000004670bdbfc45677250000
    │   │   │   │   │   │   │   │   └─ ← [Return] 0x000000000000000000000000000000000000000000000000000000a72a58c8800000000000000000000000000000000000000000000000056bc75e2d631000010000000000000000000000000000000000000000000000056bc75e2d63100000000000000000000000000000000000000000000000004670bdbfc45677250000
    │   │   │   │   │   │   │   └─ ← [Return] 0x00000000000000000000000000000000000000000000000000000e52d91e23d7
    │   │   │   │   │   │   └─ ← [Return] 0x00000000000000000000000000000000000000000000000000000e52d91e23d7
    │   │   │   │   │   └─ ← [Return] 0x00000000000000000000000000000000000000000000000000000e52d91e23d7
    │   │   │   │   ├─ [2896] 0x5ebB3f2feaA15271101a927869B3A56837e73056::getFee(TransparentUpgradeableProxy: [0x5991A2dF15A8F6A256D3Ec51E99254Cd3fb576A9], 30110 [3.011e4], 20911200738263 [2.091e13], false) [staticcall]
    │   │   │   │   │   └─ ← [Return] 0x0000000000000000000000000000000000000000000000000000000000000000
    │   │   │   │   └─ ← [Return] MessagingFee({ nativeFee: 20911200738263 [2.091e13], lzTokenFee: 0 })
    │   │   │   └─ ← [Return] MessagingFee({ nativeFee: 20911200738263 [2.091e13], lzTokenFee: 0 })
    │   │   └─ ← [Return] MessagingFee({ nativeFee: 20911200738263 [2.091e13], lzTokenFee: 0 })
    │   └─ ← [Return] MessagingFee({ nativeFee: 20911200738263 [2.091e13], lzTokenFee: 0 })
    ├─ [0] VM::deal(alice: [0x328809Bc894f92807417D2dAD6b7C998c1aFdac6], 20911200738263 [2.091e13])
    │   └─ ← [Return] 
    ├─ [0] VM::prank(alice: [0x328809Bc894f92807417D2dAD6b7C998c1aFdac6])
    │   └─ ← [Return] 
    ├─ [25616] TransparentUpgradeableProxy::fallback{value: 20911200738263}(USDC: [0xA0b86991c6218b36c1d19D4a2e9Eb0cE3606eB48], 1000000 [1e6], alice: [0x328809Bc894f92807417D2dAD6b7C998c1aFdac6], SendParam({ dstEid: 30110 [3.011e4], to: 0x0000000000000000000000000000000000000000000000000000000000000000, amountLD: 900000 [9e5], minAmountLD: 0, extraOptions: 0x0003010011010000000000000000000000000000ea60, composeMsg: 0x, oftCmd: 0x }), MessagingFee({ nativeFee: 20911200738263 [2.091e13], lzTokenFee: 0 }))
    │   ├─ [20610] Teller::depositAndBridge{value: 20911200738263}(USDC: [0xA0b86991c6218b36c1d19D4a2e9Eb0cE3606eB48], 1000000 [1e6], alice: [0x328809Bc894f92807417D2dAD6b7C998c1aFdac6], SendParam({ dstEid: 30110 [3.011e4], to: 0x0000000000000000000000000000000000000000000000000000000000000000, amountLD: 900000 [9e5], minAmountLD: 0, extraOptions: 0x0003010011010000000000000000000000000000ea60, composeMsg: 0x, oftCmd: 0x }), MessagingFee({ nativeFee: 20911200738263 [2.091e13], lzTokenFee: 0 })) [delegatecall]
    │   │   ├─ [7263] TransparentUpgradeableProxy::fallback() [staticcall]
    │   │   │   ├─ [2351] AccessControl::getMetaVault() [delegatecall]
    │   │   │   │   └─ ← [Return] METAVAULT: [0x07436f783f960c7aE2935123ED5E3381D06E4a74]
    │   │   │   └─ ← [Return] METAVAULT: [0x07436f783f960c7aE2935123ED5E3381D06E4a74]
    │   │   ├─ [2770] TransparentUpgradeableProxy::fallback() [staticcall]
    │   │   │   ├─ [2358] AccessControl::accountant() [delegatecall]
    │   │   │   │   └─ ← [Return] ACCOUNTANT: [0xe6DF5DA7A000Ea187C2ce0CEf5800D119c881579]
    │   │   │   └─ ← [Return] ACCOUNTANT: [0xe6DF5DA7A000Ea187C2ce0CEf5800D119c881579]
    │   │   ├─ [0] ACCOUNTANT::mint(USDC: [0xA0b86991c6218b36c1d19D4a2e9Eb0cE3606eB48], 1000000 [1e6])
    │   │   │   └─ ← [Stop] 
    │   │   └─ ← [Revert] EvmError: Revert
    │   └─ ← [Revert] EvmError: Revert
    └─ ← [Revert] EvmError: Revert

[PASS] test_Deposit_normal() (gas: 287741)
[PASS] test_Deposit_withoutApprove() (gas: 210545)
[PASS] test_GrantRoleOperator() (gas: 46641)
[PASS] test_Init_normal() (gas: 17445)
[PASS] test_IsCurator() (gas: 25487)
Logs:
  isCurator 0xD22c503216d1FFC1Da829E7B3a12925Cb9641F47 0xD22c503216d1FFC1Da829E7B3a12925Cb9641F47
  isCurator 0x328809Bc894f92807417D2dAD6b7C998c1aFdac6 0xD22c503216d1FFC1Da829E7B3a12925Cb9641F47

[PASS] test_IsMetaVault() (gas: 21494)
[PASS] test_IsTreasury() (gas: 21604)
[PASS] test_Rebalance_betweenStrategies() (gas: 1817476)
Logs:
  isCurator 0xD22c503216d1FFC1Da829E7B3a12925Cb9641F47 0xD22c503216d1FFC1Da829E7B3a12925Cb9641F47
  isCurator 0xD22c503216d1FFC1Da829E7B3a12925Cb9641F47 0xD22c503216d1FFC1Da829E7B3a12925Cb9641F47
  isCurator 0xD22c503216d1FFC1Da829E7B3a12925Cb9641F47 0xD22c503216d1FFC1Da829E7B3a12925Cb9641F47
  isCurator 0xD22c503216d1FFC1Da829E7B3a12925Cb9641F47 0xD22c503216d1FFC1Da829E7B3a12925Cb9641F47

[PASS] test_Rebalance_depositAboveMinimumBuffer() (gas: 383442)
Logs:
  isCurator 0xD22c503216d1FFC1Da829E7B3a12925Cb9641F47 0xD22c503216d1FFC1Da829E7B3a12925Cb9641F47
  isCurator 0xD22c503216d1FFC1Da829E7B3a12925Cb9641F47 0xD22c503216d1FFC1Da829E7B3a12925Cb9641F47
  isCurator 0xD22c503216d1FFC1Da829E7B3a12925Cb9641F47 0xD22c503216d1FFC1Da829E7B3a12925Cb9641F47

[PASS] test_Rebalance_depositAboveUpperBound() (gas: 359363)
Logs:
  isCurator 0xD22c503216d1FFC1Da829E7B3a12925Cb9641F47 0xD22c503216d1FFC1Da829E7B3a12925Cb9641F47
  isCurator 0xD22c503216d1FFC1Da829E7B3a12925Cb9641F47 0xD22c503216d1FFC1Da829E7B3a12925Cb9641F47

[FAIL: assertion failed: 0 != 1000000] test_Rebalance_firstStrategy() (gas: 907522)
Logs:
  isCurator 0xD22c503216d1FFC1Da829E7B3a12925Cb9641F47 0xD22c503216d1FFC1Da829E7B3a12925Cb9641F47
  isCurator 0xD22c503216d1FFC1Da829E7B3a12925Cb9641F47 0xD22c503216d1FFC1Da829E7B3a12925Cb9641F47

Traces:
  [907522] TellerTest::test_Rebalance_firstStrategy()
    ├─ [9839] USDC::balanceOf(TransparentUpgradeableProxy: [0x5991A2dF15A8F6A256D3Ec51E99254Cd3fb576A9]) [staticcall]
    │   ├─ [2553] 0x43506849D7C04F9138D1A2050bbF3A0c054402dd::balanceOf(TransparentUpgradeableProxy: [0x5991A2dF15A8F6A256D3Ec51E99254Cd3fb576A9]) [delegatecall]
    │   │   └─ ← [Return] 0
    │   └─ ← [Return] 0
    ├─ [0] VM::record()
    │   └─ ← [Return] 
    ├─ [1339] USDC::balanceOf(TransparentUpgradeableProxy: [0x5991A2dF15A8F6A256D3Ec51E99254Cd3fb576A9]) [staticcall]
    │   ├─ [553] 0x43506849D7C04F9138D1A2050bbF3A0c054402dd::balanceOf(TransparentUpgradeableProxy: [0x5991A2dF15A8F6A256D3Ec51E99254Cd3fb576A9]) [delegatecall]
    │   │   └─ ← [Return] 0
    │   └─ ← [Return] 0
    ├─ [0] VM::accesses(USDC: [0xA0b86991c6218b36c1d19D4a2e9Eb0cE3606eB48])
    │   └─ ← [Return] [0x10d6a54a4754c8869d6886b5f5d7fbfa5b4522237ea5c60d11bc4e7a1ff9390b, 0x7050c9e0f4ca769c69bd3a8ef740bc37934f8e2c036e5a723fd8ee048ed3f8c3, 0x6b8dd46a5f48b5fcd470d16c30fb6cee3a68c3e5fdff5a5d797d77fac729347f], []
    ├─ [0] VM::load(USDC: [0xA0b86991c6218b36c1d19D4a2e9Eb0cE3606eB48], 0x6b8dd46a5f48b5fcd470d16c30fb6cee3a68c3e5fdff5a5d797d77fac729347f) [staticcall]
    │   └─ ← [Return] 0x0000000000000000000000000000000000000000000000000000000000000000
    ├─ emit WARNING_UninitedSlot(who: USDC: [0xA0b86991c6218b36c1d19D4a2e9Eb0cE3606eB48], slot: 48648066272557701297277077828354180453910627869480946462802103341686614209663 [4.864e76])
    ├─ [0] VM::load(USDC: [0xA0b86991c6218b36c1d19D4a2e9Eb0cE3606eB48], 0x6b8dd46a5f48b5fcd470d16c30fb6cee3a68c3e5fdff5a5d797d77fac729347f) [staticcall]
    │   └─ ← [Return] 0x0000000000000000000000000000000000000000000000000000000000000000
    ├─ [1339] USDC::balanceOf(TransparentUpgradeableProxy: [0x5991A2dF15A8F6A256D3Ec51E99254Cd3fb576A9]) [staticcall]
    │   ├─ [553] 0x43506849D7C04F9138D1A2050bbF3A0c054402dd::balanceOf(TransparentUpgradeableProxy: [0x5991A2dF15A8F6A256D3Ec51E99254Cd3fb576A9]) [delegatecall]
    │   │   └─ ← [Return] 0
    │   └─ ← [Return] 0
    ├─ [0] VM::store(USDC: [0xA0b86991c6218b36c1d19D4a2e9Eb0cE3606eB48], 0x6b8dd46a5f48b5fcd470d16c30fb6cee3a68c3e5fdff5a5d797d77fac729347f, 0xffffffffffffffffffffffffffffffffffffffffffffffffffffffffffffffff)
    │   └─ ← [Return] 
    ├─ [1339] USDC::balanceOf(TransparentUpgradeableProxy: [0x5991A2dF15A8F6A256D3Ec51E99254Cd3fb576A9]) [staticcall]
    │   ├─ [553] 0x43506849D7C04F9138D1A2050bbF3A0c054402dd::balanceOf(TransparentUpgradeableProxy: [0x5991A2dF15A8F6A256D3Ec51E99254Cd3fb576A9]) [delegatecall]
    │   │   └─ ← [Return] 57896044618658097711785492504343953926634992332820282019728792003956564819967 [5.789e76]
    │   └─ ← [Return] 57896044618658097711785492504343953926634992332820282019728792003956564819967 [5.789e76]
    ├─ [0] VM::store(USDC: [0xA0b86991c6218b36c1d19D4a2e9Eb0cE3606eB48], 0x6b8dd46a5f48b5fcd470d16c30fb6cee3a68c3e5fdff5a5d797d77fac729347f, 0x0000000000000000000000000000000000000000000000000000000000000000)
    │   └─ ← [Return] 
    ├─ emit SlotFound(who: USDC: [0xA0b86991c6218b36c1d19D4a2e9Eb0cE3606eB48], fsig: 0x70a08231, keysHash: 0x6aabb5e3159f63e459180f984db14c38dd83524ae5f05f37086f1b3a53e50715, slot: 48648066272557701297277077828354180453910627869480946462802103341686614209663 [4.864e76])
    ├─ [0] VM::load(USDC: [0xA0b86991c6218b36c1d19D4a2e9Eb0cE3606eB48], 0x6b8dd46a5f48b5fcd470d16c30fb6cee3a68c3e5fdff5a5d797d77fac729347f) [staticcall]
    │   └─ ← [Return] 0x0000000000000000000000000000000000000000000000000000000000000000
    ├─ [0] VM::store(USDC: [0xA0b86991c6218b36c1d19D4a2e9Eb0cE3606eB48], 0x6b8dd46a5f48b5fcd470d16c30fb6cee3a68c3e5fdff5a5d797d77fac729347f, 0x00000000000000000000000000000000000000000000000000000000000f4240)
    │   └─ ← [Return] 
    ├─ [1339] USDC::balanceOf(TransparentUpgradeableProxy: [0x5991A2dF15A8F6A256D3Ec51E99254Cd3fb576A9]) [staticcall]
    │   ├─ [553] 0x43506849D7C04F9138D1A2050bbF3A0c054402dd::balanceOf(TransparentUpgradeableProxy: [0x5991A2dF15A8F6A256D3Ec51E99254Cd3fb576A9]) [delegatecall]
    │   │   └─ ← [Return] 1000000 [1e6]
    │   └─ ← [Return] 1000000 [1e6]
    ├─ [0] VM::prank(admin: [0xaA10a84CE7d9AE517a52c6d5cA153b369Af99ecF])
    │   └─ ← [Return] 
    ├─ [25890] StrategiesRegistry::setStrategyStatus(AAVE_VAULT_USDC: [0x2db0B0fa84C3c8B342183FD0B777C521ec054325], true)
    │   ├─ emit StrategyAdded(strategy: AAVE_VAULT_USDC: [0x2db0B0fa84C3c8B342183FD0B777C521ec054325])
    │   └─ ← [Stop] 
    ├─ [0] VM::startPrank(curator: [0xD22c503216d1FFC1Da829E7B3a12925Cb9641F47])
    │   └─ ← [Return] 
    ├─ [124220] TransparentUpgradeableProxy::fallback(AAVE_VAULT_USDC: [0x2db0B0fa84C3c8B342183FD0B777C521ec054325])
    │   ├─ [119308] MetaVault::addStrategy(AAVE_VAULT_USDC: [0x2db0B0fa84C3c8B342183FD0B777C521ec054325]) [delegatecall]
    │   │   ├─ [10662] TransparentUpgradeableProxy::fallback(curator: [0xD22c503216d1FFC1Da829E7B3a12925Cb9641F47]) [staticcall]
    │   │   │   ├─ [5747] AccessControl::isCurator(curator: [0xD22c503216d1FFC1Da829E7B3a12925Cb9641F47]) [delegatecall]
    │   │   │   │   ├─ [0] console::log("isCurator", curator: [0xD22c503216d1FFC1Da829E7B3a12925Cb9641F47], curator: [0xD22c503216d1FFC1Da829E7B3a12925Cb9641F47]) [staticcall]
    │   │   │   │   │   └─ ← [Stop] 
    │   │   │   │   └─ ← [Return] true
    │   │   │   └─ ← [Return] true
    │   │   ├─ [542] StrategiesRegistry::isValidStrategy(AAVE_VAULT_USDC: [0x2db0B0fa84C3c8B342183FD0B777C521ec054325]) [staticcall]
    │   │   │   └─ ← [Return] true
    │   │   ├─ [10713] AAVE_VAULT_USDC::asset() [staticcall]
    │   │   │   ├─ [2562] 0x15f7F910e5A8c86e609fd11C58F7342d86d3a25C::implementation() [staticcall]
    │   │   │   │   └─ ← [Return] 0x869855168858364368e62A5D1D092cc1dbD31f5a
    │   │   │   ├─ [2501] 0x869855168858364368e62A5D1D092cc1dbD31f5a::asset() [delegatecall]
    │   │   │   │   └─ ← [Return] USDC: [0xA0b86991c6218b36c1d19D4a2e9Eb0cE3606eB48]
    │   │   │   └─ ← [Return] USDC: [0xA0b86991c6218b36c1d19D4a2e9Eb0cE3606eB48]
    │   │   └─ ← [Stop] 
    │   └─ ← [Return] 
    ├─ [25465] TransparentUpgradeableProxy::fallback(AAVE_VAULT_USDC: [0x2db0B0fa84C3c8B342183FD0B777C521ec054325], 100, 10000 [1e4])
    │   ├─ [25044] MetaVault::setStrategyBounds(AAVE_VAULT_USDC: [0x2db0B0fa84C3c8B342183FD0B777C521ec054325], 100, 10000 [1e4]) [delegatecall]
    │   │   ├─ [1662] TransparentUpgradeableProxy::fallback(curator: [0xD22c503216d1FFC1Da829E7B3a12925Cb9641F47]) [staticcall]
    │   │   │   ├─ [1247] AccessControl::isCurator(curator: [0xD22c503216d1FFC1Da829E7B3a12925Cb9641F47]) [delegatecall]
    │   │   │   │   ├─ [0] console::log("isCurator", curator: [0xD22c503216d1FFC1Da829E7B3a12925Cb9641F47], curator: [0xD22c503216d1FFC1Da829E7B3a12925Cb9641F47]) [staticcall]
    │   │   │   │   │   └─ ← [Stop] 
    │   │   │   │   └─ ← [Return] true
    │   │   │   └─ ← [Return] true
    │   │   └─ ← [Stop] 
    │   └─ ← [Return] 
    ├─ [0] VM::stopPrank()
    │   └─ ← [Return] 
    ├─ [0] VM::prank(operator: [0xbC32b0FCDb9b55F5ECE07BA7F8059bA42D331F4C])
    │   └─ ← [Return] 
    ├─ [480417] TransparentUpgradeableProxy::fallback(0x0000000000000000000000000000000000000000, AAVE_VAULT_USDC: [0x2db0B0fa84C3c8B342183FD0B777C521ec054325], 1000000 [1e6])
    │   ├─ [479993] MetaVault::rebalance(0x0000000000000000000000000000000000000000, AAVE_VAULT_USDC: [0x2db0B0fa84C3c8B342183FD0B777C521ec054325], 1000000 [1e6]) [delegatecall]
    │   │   ├─ [3019] TransparentUpgradeableProxy::fallback(operator: [0xbC32b0FCDb9b55F5ECE07BA7F8059bA42D331F4C]) [staticcall]
    │   │   │   ├─ [2604] AccessControl::isOperator(operator: [0xbC32b0FCDb9b55F5ECE07BA7F8059bA42D331F4C]) [delegatecall]
    │   │   │   │   └─ ← [Return] true
    │   │   │   └─ ← [Return] true
    │   │   ├─ [542] StrategiesRegistry::isValidStrategy(AAVE_VAULT_USDC: [0x2db0B0fa84C3c8B342183FD0B777C521ec054325]) [staticcall]
    │   │   │   └─ ← [Return] true
    │   │   ├─ [1339] USDC::balanceOf(TransparentUpgradeableProxy: [0x5991A2dF15A8F6A256D3Ec51E99254Cd3fb576A9]) [staticcall]
    │   │   │   ├─ [553] 0x43506849D7C04F9138D1A2050bbF3A0c054402dd::balanceOf(TransparentUpgradeableProxy: [0x5991A2dF15A8F6A256D3Ec51E99254Cd3fb576A9]) [delegatecall]
    │   │   │   │   └─ ← [Return] 1000000 [1e6]
    │   │   │   └─ ← [Return] 1000000 [1e6]
    │   │   ├─ [29823] Allowance::bb1a800f(000000000000000000000000a0b86991c6218b36c1d19d4a2e9eb0ce3606eb4800000000000000000000000000000000000000000000000000000000000f42400000000000000000000000002db0b0fa84c3c8b342183fd0b777c521ec054325) [delegatecall]
    │   │   │   ├─ [3448] USDC::allowance(TransparentUpgradeableProxy: [0x5991A2dF15A8F6A256D3Ec51E99254Cd3fb576A9], AAVE_VAULT_USDC: [0x2db0B0fa84C3c8B342183FD0B777C521ec054325]) [staticcall]
    │   │   │   │   ├─ [2659] 0x43506849D7C04F9138D1A2050bbF3A0c054402dd::allowance(TransparentUpgradeableProxy: [0x5991A2dF15A8F6A256D3Ec51E99254Cd3fb576A9], AAVE_VAULT_USDC: [0x2db0B0fa84C3c8B342183FD0B777C521ec054325]) [delegatecall]
    │   │   │   │   │   └─ ← [Return] 0
    │   │   │   │   └─ ← [Return] 0
    │   │   │   ├─ [25362] USDC::approve(AAVE_VAULT_USDC: [0x2db0B0fa84C3c8B342183FD0B777C521ec054325], 115792089237316195423570985008687907853269984665640564039457584007913129639935 [1.157e77])
    │   │   │   │   ├─ [24573] 0x43506849D7C04F9138D1A2050bbF3A0c054402dd::approve(AAVE_VAULT_USDC: [0x2db0B0fa84C3c8B342183FD0B777C521ec054325], 115792089237316195423570985008687907853269984665640564039457584007913129639935 [1.157e77]) [delegatecall]
    │   │   │   │   │   ├─ emit Approval(owner: TransparentUpgradeableProxy: [0x5991A2dF15A8F6A256D3Ec51E99254Cd3fb576A9], spender: AAVE_VAULT_USDC: [0x2db0B0fa84C3c8B342183FD0B777C521ec054325], amount: 115792089237316195423570985008687907853269984665640564039457584007913129639935 [1.157e77])
    │   │   │   │   │   └─ ← [Return] true
    │   │   │   │   └─ ← [Return] true
    │   │   │   └─ ← [Stop] 
    │   │   ├─ [391297] AAVE_VAULT_USDC::deposit(1000000 [1e6], TransparentUpgradeableProxy: [0x5991A2dF15A8F6A256D3Ec51E99254Cd3fb576A9])
    │   │   │   ├─ [562] 0x15f7F910e5A8c86e609fd11C58F7342d86d3a25C::implementation() [staticcall]
    │   │   │   │   └─ ← [Return] 0x869855168858364368e62A5D1D092cc1dbD31f5a
    │   │   │   ├─ [390079] 0x869855168858364368e62A5D1D092cc1dbD31f5a::deposit(1000000 [1e6], TransparentUpgradeableProxy: [0x5991A2dF15A8F6A256D3Ec51E99254Cd3fb576A9]) [delegatecall]
    │   │   │   │   ├─ [18736] 0x56929Fb9De15b8D6D5Aa2CeFB6c4D9391150aB83::isBlocked(TransparentUpgradeableProxy: [0x5991A2dF15A8F6A256D3Ec51E99254Cd3fb576A9]) [staticcall]
    │   │   │   │   │   ├─ [2430] 0xB58700939159Db7a47b64FF74cF98150AccBF904::implementation() [staticcall]
    │   │   │   │   │   │   └─ ← [Return] 0x7e7F84Da187117e06AbB03E1454E07Af42D0E4BE
    │   │   │   │   │   ├─ [10660] 0x7e7F84Da187117e06AbB03E1454E07Af42D0E4BE::isBlocked(TransparentUpgradeableProxy: [0x5991A2dF15A8F6A256D3Ec51E99254Cd3fb576A9]) [delegatecall]
    │   │   │   │   │   │   ├─ [2923] 0x40C57923924B5c5c5455c48D93317139ADDaC8fb::isSanctioned(TransparentUpgradeableProxy: [0x5991A2dF15A8F6A256D3Ec51E99254Cd3fb576A9]) [staticcall]
    │   │   │   │   │   │   │   └─ ← [Return] 0x0000000000000000000000000000000000000000000000000000000000000000
    │   │   │   │   │   │   └─ ← [Return] 0x0000000000000000000000000000000000000000000000000000000000000000
    │   │   │   │   │   └─ ← [Return] 0x0000000000000000000000000000000000000000000000000000000000000000
    │   │   │   │   ├─ [2821] 0xdE63817c82e93499357aE198518f90Ac1bE93A72::get(0x414156455f563300000000000000000000000000000000000000000000000000) [staticcall]
    │   │   │   │   │   └─ ← [Return] 0x00000000000000000000000008c28e1c82c09487dcb15a3e0839e8c888eee3cd
    │   │   │   │   ├─ [96248] 0x08c28e1c82C09487DCB15a3e0839e8C888EeE3CD::maxDeposit(USDC: [0xA0b86991c6218b36c1d19D4a2e9Eb0cE3606eB48]) [staticcall]
    │   │   │   │   │   ├─ [2381] 0x2f39d218133AFaB8F2B819B1066c7E434Ad94E9e::getPoolDataProvider() [staticcall]
    │   │   │   │   │   │   └─ ← [Return] 0x00000000000000000000000041393e5e337606dc3821075af65aee84d7688cbd
    │   │   │   │   │   ├─ [14508] 0x41393e5e337606dc3821075Af65AeE84D7688CBD::getReserveConfigurationData(USDC: [0xA0b86991c6218b36c1d19D4a2e9Eb0cE3606eB48]) [staticcall]
    │   │   │   │   │   │   ├─ [2350] 0x2f39d218133AFaB8F2B819B1066c7E434Ad94E9e::getPool() [staticcall]
    │   │   │   │   │   │   │   └─ ← [Return] 0x00000000000000000000000087870bca3f3fd6335c3f4ce8392d69350b4fa4e2
    │   │   │   │   │   │   ├─ [7797] 0x87870Bca3F3fD6335C3F4ce8392D69350B4fA4E2::getConfiguration(USDC: [0xA0b86991c6218b36c1d19D4a2e9Eb0cE3606eB48]) [staticcall]
    │   │   │   │   │   │   │   ├─ [2745] 0xeF434E4573b90b6ECd4a00f4888381e4D0CC5Ccd::getConfiguration(USDC: [0xA0b86991c6218b36c1d19D4a2e9Eb0cE3606eB48]) [delegatecall]
    │   │   │   │   │   │   │   │   └─ ← [Return] 0x100000000000000000000007d011e1a30001017df80003e8a50628d21e781d4c
    │   │   │   │   │   │   │   └─ ← [Return] 0x100000000000000000000007d011e1a30001017df80003e8a50628d21e781d4c
    │   │   │   │   │   │   └─ ← [Return] 0x00000000000000000000000000000000000000000000000000000000000000060000000000000000000000000000000000000000000000000000000000001d4c0000000000000000000000000000000000000000000000000000000000001e7800000000000000000000000000000000000000000000000000000000000028d200000000000000000000000000000000000000000000000000000000000003e800000000000000000000000000000000000000000000000000000000000000010000000000000000000000000000000000000000000000000000000000000001000000000000000000000000000000000000000000000000000000000000000000000000000000000000000000000000000000000000000000000000000000010000000000000000000000000000000000000000000000000000000000000000
    │   │   │   │   │   ├─ [3182] 0x41393e5e337606dc3821075Af65AeE84D7688CBD::getPaused(USDC: [0xA0b86991c6218b36c1d19D4a2e9Eb0cE3606eB48]) [staticcall]
    │   │   │   │   │   │   ├─ [350] 0x2f39d218133AFaB8F2B819B1066c7E434Ad94E9e::getPool() [staticcall]
    │   │   │   │   │   │   │   └─ ← [Return] 0x00000000000000000000000087870bca3f3fd6335c3f4ce8392d69350b4fa4e2
    │   │   │   │   │   │   ├─ [1297] 0x87870Bca3F3fD6335C3F4ce8392D69350B4fA4E2::getConfiguration(USDC: [0xA0b86991c6218b36c1d19D4a2e9Eb0cE3606eB48]) [staticcall]
    │   │   │   │   │   │   │   ├─ [745] 0xeF434E4573b90b6ECd4a00f4888381e4D0CC5Ccd::getConfiguration(USDC: [0xA0b86991c6218b36c1d19D4a2e9Eb0cE3606eB48]) [delegatecall]
    │   │   │   │   │   │   │   │   └─ ← [Return] 0x100000000000000000000007d011e1a30001017df80003e8a50628d21e781d4c
    │   │   │   │   │   │   │   └─ ← [Return] 0x100000000000000000000007d011e1a30001017df80003e8a50628d21e781d4c
    │   │   │   │   │   │   └─ ← [Return] 0x0000000000000000000000000000000000000000000000000000000000000000
    │   │   │   │   │   ├─ [3094] 0x41393e5e337606dc3821075Af65AeE84D7688CBD::getReserveCaps(USDC: [0xA0b86991c6218b36c1d19D4a2e9Eb0cE3606eB48]) [staticcall]
    │   │   │   │   │   │   ├─ [350] 0x2f39d218133AFaB8F2B819B1066c7E434Ad94E9e::getPool() [staticcall]
    │   │   │   │   │   │   │   └─ ← [Return] 0x00000000000000000000000087870bca3f3fd6335c3f4ce8392d69350b4fa4e2
    │   │   │   │   │   │   ├─ [1297] 0x87870Bca3F3fD6335C3F4ce8392D69350B4fA4E2::getConfiguration(USDC: [0xA0b86991c6218b36c1d19D4a2e9Eb0cE3606eB48]) [staticcall]
    │   │   │   │   │   │   │   ├─ [745] 0xeF434E4573b90b6ECd4a00f4888381e4D0CC5Ccd::getConfiguration(USDC: [0xA0b86991c6218b36c1d19D4a2e9Eb0cE3606eB48]) [delegatecall]
    │   │   │   │   │   │   │   │   └─ ← [Return] 0x100000000000000000000007d011e1a30001017df80003e8a50628d21e781d4c
    │   │   │   │   │   │   │   └─ ← [Return] 0x100000000000000000000007d011e1a30001017df80003e8a50628d21e781d4c
    │   │   │   │   │   │   └─ ← [Return] 0x00000000000000000000000000000000000000000000000000000001017df800000000000000000000000000000000000000000000000000000000011e1a3000
    │   │   │   │   │   ├─ [3164] USDC::decimals() [staticcall]
    │   │   │   │   │   │   ├─ [2381] 0x43506849D7C04F9138D1A2050bbF3A0c054402dd::decimals() [delegatecall]
    │   │   │   │   │   │   │   └─ ← [Return] 6
    │   │   │   │   │   │   └─ ← [Return] 6
    │   │   │   │   │   ├─ [60364] 0x41393e5e337606dc3821075Af65AeE84D7688CBD::getReserveData(USDC: [0xA0b86991c6218b36c1d19D4a2e9Eb0cE3606eB48]) [staticcall]
    │   │   │   │   │   │   ├─ [350] 0x2f39d218133AFaB8F2B819B1066c7E434Ad94E9e::getPool() [staticcall]
    │   │   │   │   │   │   │   └─ ← [Return] 0x00000000000000000000000087870bca3f3fd6335c3f4ce8392d69350b4fa4e2
    │   │   │   │   │   │   ├─ [25791] 0x87870Bca3F3fD6335C3F4ce8392D69350B4fA4E2::getReserveData(USDC: [0xA0b86991c6218b36c1d19D4a2e9Eb0cE3606eB48]) [staticcall]
    │   │   │   │   │   │   │   ├─ [25193] 0xeF434E4573b90b6ECd4a00f4888381e4D0CC5Ccd::getReserveData(USDC: [0xA0b86991c6218b36c1d19D4a2e9Eb0cE3606eB48]) [delegatecall]
    │   │   │   │   │   │   │   │   ├─ [2488] 0x2f39d218133AFaB8F2B819B1066c7E434Ad94E9e::getAddress(0x4d4f434b5f535441424c455f4445425400000000000000000000000000000000) [staticcall]
    │   │   │   │   │   │   │   │   │   └─ ← [Return] 0x000000000000000000000000102633152313c81cd80419b6ecf66d14ad68949a
    │   │   │   │   │   │   │   │   └─ ← [Return] 0x100000000000000000000007d011e1a30001017df80003e8a50628d21e781d4c0000000000000000000000000000000000000000039d1b336923f5cc0da36d9e000000000000000000000000000000000000000000313b531e7099b51260e587000000000000000000000000000000000000000003b9e074af0513b9078c92e90000000000000000000000000000000000000000004b34e9f9c50519f3a8b767000000000000000000000000000000000000000000000000000000000000000000000000000000000000000000000000000000000000000000000000679e248f000000000000000000000000000000000000000000000000000000000000000300000000000000000000000098c23e9d8f34fefb1b7bd6a91b7ff122f4e16f5c000000000000000000000000102633152313c81cd80419b6ecf66d14ad68949a00000000000000000000000072e95b8931767c79ba4eee721354d6e99a61d0040000000000000000000000009ec6f08190dea04a54f8afc53db96134e5e3fdfb00000000000000000000000000000000000000000000000000000019df805f4500000000000000000000000000000000000000000000000000000000000000000000000000000000000000000000000000000000000000000000000000000000
    │   │   │   │   │   │   │   └─ ← [Return] 0x100000000000000000000007d011e1a30001017df80003e8a50628d21e781d4c0000000000000000000000000000000000000000039d1b336923f5cc0da36d9e000000000000000000000000000000000000000000313b531e7099b51260e587000000000000000000000000000000000000000003b9e074af0513b9078c92e90000000000000000000000000000000000000000004b34e9f9c50519f3a8b767000000000000000000000000000000000000000000000000000000000000000000000000000000000000000000000000000000000000000000000000679e248f000000000000000000000000000000000000000000000000000000000000000300000000000000000000000098c23e9d8f34fefb1b7bd6a91b7ff122f4e16f5c000000000000000000000000102633152313c81cd80419b6ecf66d14ad68949a00000000000000000000000072e95b8931767c79ba4eee721354d6e99a61d0040000000000000000000000009ec6f08190dea04a54f8afc53db96134e5e3fdfb00000000000000000000000000000000000000000000000000000019df805f4500000000000000000000000000000000000000000000000000000000000000000000000000000000000000000000000000000000000000000000000000000000
    │   │   │   │   │   │   ├─ [11861] 0x98C23E9d8f34FEFb1B7BD6a91B7FF122F4e16F5c::totalSupply() [staticcall]
    │   │   │   │   │   │   │   ├─ [6844] 0x7EfFD7b47Bfd17e52fB7559d3f924201b9DbfF3d::totalSupply() [delegatecall]
    │   │   │   │   │   │   │   │   ├─ [1879] 0x87870Bca3F3fD6335C3F4ce8392D69350B4fA4E2::getReserveNormalizedIncome(USDC: [0xA0b86991c6218b36c1d19D4a2e9Eb0cE3606eB48]) [staticcall]
    │   │   │   │   │   │   │   │   │   ├─ [1327] 0xeF434E4573b90b6ECd4a00f4888381e4D0CC5Ccd::getReserveNormalizedIncome(USDC: [0xA0b86991c6218b36c1d19D4a2e9Eb0cE3606eB48]) [delegatecall]
    │   │   │   │   │   │   │   │   │   │   └─ ← [Return] 0x0000000000000000000000000000000000000000039d1b3ba62af70ba52f648a
    │   │   │   │   │   │   │   │   │   └─ ← [Return] 0x0000000000000000000000000000000000000000039d1b3ba62af70ba52f648a
    │   │   │   │   │   │   │   │   └─ ← [Return] 2986406481984448 [2.986e15]
    │   │   │   │   │   │   │   └─ ← [Return] 2986406481984448 [2.986e15]
    │   │   │   │   │   │   ├─ [12960] 0x72E95b8931767C79bA4EeE721354d6E99a61D004::totalSupply() [staticcall]
    │   │   │   │   │   │   │   ├─ [7943] 0xaC725CB59D16C81061BDeA61041a8A5e73DA9EC6::totalSupply() [delegatecall]
    │   │   │   │   │   │   │   │   ├─ [2992] 0x87870Bca3F3fD6335C3F4ce8392D69350B4fA4E2::getReserveNormalizedVariableDebt(USDC: [0xA0b86991c6218b36c1d19D4a2e9Eb0cE3606eB48]) [staticcall]
    │   │   │   │   │   │   │   │   │   ├─ [2472] 0xeF434E4573b90b6ECd4a00f4888381e4D0CC5Ccd::getReserveNormalizedVariableDebt(USDC: [0xA0b86991c6218b36c1d19D4a2e9Eb0cE3606eB48]) [delegatecall]
    │   │   │   │   │   │   │   │   │   │   └─ ← [Return] 0x000000000000000000000000000000000000000003b9e081a8fa933f7c26a899
    │   │   │   │   │   │   │   │   │   └─ ← [Return] 0x000000000000000000000000000000000000000003b9e081a8fa933f7c26a899
    │   │   │   │   │   │   │   │   └─ ← [Return] 2172266851258042 [2.172e15]
    │   │   │   │   │   │   │   └─ ← [Return] 2172266851258042 [2.172e15]
    │   │   │   │   │   │   └─ ← [Return] 0x000000000000000000000000000000000000000000000000000000000000000000000000000000000000000000000000000000000000000000000019df805f45000000000000000000000000000000000000000000000000000a9c1ef1837bc000000000000000000000000000000000000000000000000000000000000000000000000000000000000000000000000000000000000000000007b7aa4a06ceba000000000000000000000000000000000000000000313b531e7099b51260e5870000000000000000000000000000000000000000004b34e9f9c50519f3a8b767000000000000000000000000000000000000000000000000000000000000000000000000000000000000000000000000000000000000000000000000000000000000000000000000000000000000000000000000039d1b336923f5cc0da36d9e000000000000000000000000000000000000000003b9e074af0513b9078c92e900000000000000000000000000000000000000000000000000000000679e248f
    │   │   │   │   │   └─ ← [Return] 1813482394100987 [1.813e15]
    │   │   │   │   ├─ [821] 0xdE63817c82e93499357aE198518f90Ac1bE93A72::get(0x414156455f563300000000000000000000000000000000000000000000000000) [staticcall]
    │   │   │   │   │   └─ ← [Return] 0x00000000000000000000000008c28e1c82c09487dcb15a3e0839e8c888eee3cd
    │   │   │   │   ├─ [17155] 0x08c28e1c82C09487DCB15a3e0839e8C888EeE3CD::totalAssets(USDC: [0xA0b86991c6218b36c1d19D4a2e9Eb0cE3606eB48]) [staticcall]
    │   │   │   │   │   ├─ [381] 0x2f39d218133AFaB8F2B819B1066c7E434Ad94E9e::getPoolDataProvider() [staticcall]
    │   │   │   │   │   │   └─ ← [Return] 0x00000000000000000000000041393e5e337606dc3821075af65aee84d7688cbd
    │   │   │   │   │   ├─ [9294] 0x41393e5e337606dc3821075Af65AeE84D7688CBD::getReserveTokensAddresses(USDC: [0xA0b86991c6218b36c1d19D4a2e9Eb0cE3606eB48]) [staticcall]
    │   │   │   │   │   │   ├─ [350] 0x2f39d218133AFaB8F2B819B1066c7E434Ad94E9e::getPool() [staticcall]
    │   │   │   │   │   │   │   └─ ← [Return] 0x00000000000000000000000087870bca3f3fd6335c3f4ce8392d69350b4fa4e2
    │   │   │   │   │   │   ├─ [5791] 0x87870Bca3F3fD6335C3F4ce8392D69350B4fA4E2::getReserveData(USDC: [0xA0b86991c6218b36c1d19D4a2e9Eb0cE3606eB48]) [staticcall]
    │   │   │   │   │   │   │   ├─ [5193] 0xeF434E4573b90b6ECd4a00f4888381e4D0CC5Ccd::getReserveData(USDC: [0xA0b86991c6218b36c1d19D4a2e9Eb0cE3606eB48]) [delegatecall]
    │   │   │   │   │   │   │   │   ├─ [488] 0x2f39d218133AFaB8F2B819B1066c7E434Ad94E9e::getAddress(0x4d4f434b5f535441424c455f4445425400000000000000000000000000000000) [staticcall]
    │   │   │   │   │   │   │   │   │   └─ ← [Return] 0x000000000000000000000000102633152313c81cd80419b6ecf66d14ad68949a
    │   │   │   │   │   │   │   │   └─ ← [Return] 0x100000000000000000000007d011e1a30001017df80003e8a50628d21e781d4c0000000000000000000000000000000000000000039d1b336923f5cc0da36d9e000000000000000000000000000000000000000000313b531e7099b51260e587000000000000000000000000000000000000000003b9e074af0513b9078c92e90000000000000000000000000000000000000000004b34e9f9c50519f3a8b767000000000000000000000000000000000000000000000000000000000000000000000000000000000000000000000000000000000000000000000000679e248f000000000000000000000000000000000000000000000000000000000000000300000000000000000000000098c23e9d8f34fefb1b7bd6a91b7ff122f4e16f5c000000000000000000000000102633152313c81cd80419b6ecf66d14ad68949a00000000000000000000000072e95b8931767c79ba4eee721354d6e99a61d0040000000000000000000000009ec6f08190dea04a54f8afc53db96134e5e3fdfb00000000000000000000000000000000000000000000000000000019df805f4500000000000000000000000000000000000000000000000000000000000000000000000000000000000000000000000000000000000000000000000000000000
    │   │   │   │   │   │   │   └─ ← [Return] 0x100000000000000000000007d011e1a30001017df80003e8a50628d21e781d4c0000000000000000000000000000000000000000039d1b336923f5cc0da36d9e000000000000000000000000000000000000000000313b531e7099b51260e587000000000000000000000000000000000000000003b9e074af0513b9078c92e90000000000000000000000000000000000000000004b34e9f9c50519f3a8b767000000000000000000000000000000000000000000000000000000000000000000000000000000000000000000000000000000000000000000000000679e248f000000000000000000000000000000000000000000000000000000000000000300000000000000000000000098c23e9d8f34fefb1b7bd6a91b7ff122f4e16f5c000000000000000000000000102633152313c81cd80419b6ecf66d14ad68949a00000000000000000000000072e95b8931767c79ba4eee721354d6e99a61d0040000000000000000000000009ec6f08190dea04a54f8afc53db96134e5e3fdfb00000000000000000000000000000000000000000000000000000019df805f4500000000000000000000000000000000000000000000000000000000000000000000000000000000000000000000000000000000000000000000000000000000
    │   │   │   │   │   │   └─ ← [Return] 0x00000000000000000000000098c23e9d8f34fefb1b7bd6a91b7ff122f4e16f5c000000000000000000000000000000000000000000000000000000000000000000000000000000000000000072e95b8931767c79ba4eee721354d6e99a61d004
    │   │   │   │   │   ├─ [5605] 0x98C23E9d8f34FEFb1B7BD6a91B7FF122F4e16F5c::balanceOf(AAVE_VAULT_USDC: [0x2db0B0fa84C3c8B342183FD0B777C521ec054325]) [staticcall]
    │   │   │   │   │   │   ├─ [5053] 0x7EfFD7b47Bfd17e52fB7559d3f924201b9DbfF3d::balanceOf(AAVE_VAULT_USDC: [0x2db0B0fa84C3c8B342183FD0B777C521ec054325]) [delegatecall]
    │   │   │   │   │   │   │   ├─ [1879] 0x87870Bca3F3fD6335C3F4ce8392D69350B4fA4E2::getReserveNormalizedIncome(USDC: [0xA0b86991c6218b36c1d19D4a2e9Eb0cE3606eB48]) [staticcall]
    │   │   │   │   │   │   │   │   ├─ [1327] 0xeF434E4573b90b6ECd4a00f4888381e4D0CC5Ccd::getReserveNormalizedIncome(USDC: [0xA0b86991c6218b36c1d19D4a2e9Eb0cE3606eB48]) [delegatecall]
    │   │   │   │   │   │   │   │   │   └─ ← [Return] 0x0000000000000000000000000000000000000000039d1b3ba62af70ba52f648a
    │   │   │   │   │   │   │   │   └─ ← [Return] 0x0000000000000000000000000000000000000000039d1b3ba62af70ba52f648a
    │   │   │   │   │   │   │   └─ ← [Return] 774650023049 [7.746e11]
    │   │   │   │   │   │   └─ ← [Return] 774650023049 [7.746e11]
    │   │   │   │   │   └─ ← [Return] 0x000000000000000000000000000000000000000000000000000000b45cbd4c89
    │   │   │   │   ├─ [1164] USDC::decimals() [staticcall]
    │   │   │   │   │   ├─ [381] 0x43506849D7C04F9138D1A2050bbF3A0c054402dd::decimals() [delegatecall]
    │   │   │   │   │   │   └─ ← [Return] 6
    │   │   │   │   │   └─ ← [Return] 6
    │   │   │   │   ├─ emit Transfer(from: 0x0000000000000000000000000000000000000000, to: AAVE_VAULT_USDC: [0x2db0B0fa84C3c8B342183FD0B777C521ec054325], amount: 317054 [3.17e5])
    │   │   │   │   ├─ [1164] USDC::decimals() [staticcall]
    │   │   │   │   │   ├─ [381] 0x43506849D7C04F9138D1A2050bbF3A0c054402dd::decimals() [delegatecall]
    │   │   │   │   │   │   └─ ← [Return] 6
    │   │   │   │   │   └─ ← [Return] 6
    │   │   │   │   ├─ [3339] USDC::balanceOf(AAVE_VAULT_USDC: [0x2db0B0fa84C3c8B342183FD0B777C521ec054325]) [staticcall]
    │   │   │   │   │   ├─ [2553] 0x43506849D7C04F9138D1A2050bbF3A0c054402dd::balanceOf(AAVE_VAULT_USDC: [0x2db0B0fa84C3c8B342183FD0B777C521ec054325]) [delegatecall]
    │   │   │   │   │   │   └─ ← [Return] 1
    │   │   │   │   │   └─ ← [Return] 1
    │   │   │   │   ├─ [9349] USDC::transferFrom(TransparentUpgradeableProxy: [0x5991A2dF15A8F6A256D3Ec51E99254Cd3fb576A9], AAVE_VAULT_USDC: [0x2db0B0fa84C3c8B342183FD0B777C521ec054325], 1000000 [1e6])
    │   │   │   │   │   ├─ [8554] 0x43506849D7C04F9138D1A2050bbF3A0c054402dd::transferFrom(TransparentUpgradeableProxy: [0x5991A2dF15A8F6A256D3Ec51E99254Cd3fb576A9], AAVE_VAULT_USDC: [0x2db0B0fa84C3c8B342183FD0B777C521ec054325], 1000000 [1e6]) [delegatecall]
    │   │   │   │   │   │   ├─ emit Transfer(from: TransparentUpgradeableProxy: [0x5991A2dF15A8F6A256D3Ec51E99254Cd3fb576A9], to: AAVE_VAULT_USDC: [0x2db0B0fa84C3c8B342183FD0B777C521ec054325], amount: 1000000 [1e6])
    │   │   │   │   │   │   └─ ← [Return] true
    │   │   │   │   │   └─ ← [Return] true
    │   │   │   │   ├─ emit Transfer(from: 0x0000000000000000000000000000000000000000, to: TransparentUpgradeableProxy: [0x5991A2dF15A8F6A256D3Ec51E99254Cd3fb576A9], amount: 971014 [9.71e5])
    │   │   │   │   ├─ [1307] 0xdE63817c82e93499357aE198518f90Ac1bE93A72::getOrRevert(0x414156455f563300000000000000000000000000000000000000000000000000) [staticcall]
    │   │   │   │   │   └─ ← [Return] 0x00000000000000000000000008c28e1c82c09487dcb15a3e0839e8c888eee3cd
    │   │   │   │   ├─ [1339] USDC::balanceOf(AAVE_VAULT_USDC: [0x2db0B0fa84C3c8B342183FD0B777C521ec054325]) [staticcall]
    │   │   │   │   │   ├─ [553] 0x43506849D7C04F9138D1A2050bbF3A0c054402dd::balanceOf(AAVE_VAULT_USDC: [0x2db0B0fa84C3c8B342183FD0B777C521ec054325]) [delegatecall]
    │   │   │   │   │   │   └─ ← [Return] 1000001 [1e6]
    │   │   │   │   │   └─ ← [Return] 1000001 [1e6]
    │   │   │   │   ├─ [114443] 0x08c28e1c82C09487DCB15a3e0839e8C888EeE3CD::deposit(USDC: [0xA0b86991c6218b36c1d19D4a2e9Eb0cE3606eB48], 1000000 [1e6]) [delegatecall]
    │   │   │   │   │   ├─ [25462] USDC::approve(0x87870Bca3F3fD6335C3F4ce8392D69350B4fA4E2, 1000000 [1e6])
    │   │   │   │   │   │   ├─ [24673] 0x43506849D7C04F9138D1A2050bbF3A0c054402dd::approve(0x87870Bca3F3fD6335C3F4ce8392D69350B4fA4E2, 1000000 [1e6]) [delegatecall]
    │   │   │   │   │   │   │   ├─ emit Approval(owner: AAVE_VAULT_USDC: [0x2db0B0fa84C3c8B342183FD0B777C521ec054325], spender: 0x87870Bca3F3fD6335C3F4ce8392D69350B4fA4E2, amount: 1000000 [1e6])
    │   │   │   │   │   │   │   └─ ← [Return] true
    │   │   │   │   │   │   └─ ← [Return] true
    │   │   │   │   │   ├─ [86933] 0x87870Bca3F3fD6335C3F4ce8392D69350B4fA4E2::supply(USDC: [0xA0b86991c6218b36c1d19D4a2e9Eb0cE3606eB48], 1000000 [1e6], AAVE_VAULT_USDC: [0x2db0B0fa84C3c8B342183FD0B777C521ec054325], 0)
    │   │   │   │   │   │   ├─ [86369] 0xeF434E4573b90b6ECd4a00f4888381e4D0CC5Ccd::supply(USDC: [0xA0b86991c6218b36c1d19D4a2e9Eb0cE3606eB48], 1000000 [1e6], AAVE_VAULT_USDC: [0x2db0B0fa84C3c8B342183FD0B777C521ec054325], 0) [delegatecall]
    │   │   │   │   │   │   │   ├─ [82448] 0x2b22E425C1322fbA0DbF17bb1dA25d71811EE7ba::1913f161(00000000000000000000000000000000000000000000000000000000000000340000000000000000000000000000000000000000000000000000000000000036d142e1a8e907170a61bfb429f3b9840df5279ed7534ce97be66d92651364372f000000000000000000000000a0b86991c6218b36c1d19d4a2e9eb0ce3606eb4800000000000000000000000000000000000000000000000000000000000f42400000000000000000000000002db0b0fa84c3c8b342183fd0b777c521ec0543250000000000000000000000000000000000000000000000000000000000000000) [delegatecall]
    │   │   │   │   │   │   │   │   ├─ [968] 0x72E95b8931767C79bA4EeE721354d6E99a61D004::scaledTotalSupply() [staticcall]
    │   │   │   │   │   │   │   │   │   ├─ [419] 0xaC725CB59D16C81061BDeA61041a8A5e73DA9EC6::scaledTotalSupply() [delegatecall]
    │   │   │   │   │   │   │   │   │   │   └─ ← [Return] 0x0000000000000000000000000000000000000000000000000006b14097ddf43b
    │   │   │   │   │   │   │   │   │   └─ ← [Return] 0x0000000000000000000000000000000000000000000000000006b14097ddf43b
    │   │   │   │   │   │   │   │   ├─ [924] 0x98C23E9d8f34FEFb1B7BD6a91B7FF122F4e16F5c::scaledTotalSupply() [staticcall]
    │   │   │   │   │   │   │   │   │   ├─ [375] 0x7EfFD7b47Bfd17e52fB7559d3f924201b9DbfF3d::scaledTotalSupply() [delegatecall]
    │   │   │   │   │   │   │   │   │   │   └─ ← [Return] 0x00000000000000000000000000000000000000000000000000097c9c239990c8
    │   │   │   │   │   │   │   │   │   └─ ← [Return] 0x00000000000000000000000000000000000000000000000000097c9c239990c8
    │   │   │   │   │   │   │   │   ├─ [5705] 0x9ec6F08190DeA04A54f8Afc53Db96134e5E3FdFB::b90db31b(000000000000000000000000000000000000000000000000000000000000000000000000000000000000000000000000000000000000000000000000000f424000000000000000000000000000000000000000000000000000000000000000000000000000000000000000000000000000000000000000000007b7aa4a06ceba00000000000000000000000000000000000000000000000000000000000003e8000000000000000000000000a0b86991c6218b36c1d19d4a2e9eb0ce3606eb4800000000000000000000000000000000000000000000000000000000000000010000000000000000000000000000000000000000000000000002e4919c74b05e) [staticcall]
    │   │   │   │   │   │   │   │   │   └─ ← [Return] 0x000000000000000000000000000000000000000000313b537b6100968b71a1800000000000000000000000000000000000000000004b34ea40c1ba18525008ee
    │   │   │   │   │   │   │   │   ├─ emit ReserveDataUpdated(param0: USDC: [0xA0b86991c6218b36c1d19D4a2e9Eb0cE3606eB48], param1: 59517524753752042511638912 [5.951e25], param2: 0, param3: 90919320732534960244656366 [9.091e25], param4: 1118384987370124004593460362 [1.118e27], param5: 1153166507991096355979700377 [1.153e27])
    │   │   │   │   │   │   │   │   ├─ [13349] USDC::transferFrom(AAVE_VAULT_USDC: [0x2db0B0fa84C3c8B342183FD0B777C521ec054325], 0x98C23E9d8f34FEFb1B7BD6a91B7FF122F4e16F5c, 1000000 [1e6])
    │   │   │   │   │   │   │   │   │   ├─ [12554] 0x43506849D7C04F9138D1A2050bbF3A0c054402dd::transferFrom(AAVE_VAULT_USDC: [0x2db0B0fa84C3c8B342183FD0B777C521ec054325], 0x98C23E9d8f34FEFb1B7BD6a91B7FF122F4e16F5c, 1000000 [1e6]) [delegatecall]
    │   │   │   │   │   │   │   │   │   │   ├─ emit Transfer(from: AAVE_VAULT_USDC: [0x2db0B0fa84C3c8B342183FD0B777C521ec054325], to: 0x98C23E9d8f34FEFb1B7BD6a91B7FF122F4e16F5c, amount: 1000000 [1e6])
    │   │   │   │   │   │   │   │   │   │   └─ ← [Return] true
    │   │   │   │   │   │   │   │   │   └─ ← [Return] true
    │   │   │   │   │   │   │   │   ├─ [25982] 0x98C23E9d8f34FEFb1B7BD6a91B7FF122F4e16F5c::mint(AAVE_VAULT_USDC: [0x2db0B0fa84C3c8B342183FD0B777C521ec054325], AAVE_VAULT_USDC: [0x2db0B0fa84C3c8B342183FD0B777C521ec054325], 1000000 [1e6], 1118384987370124004593460362 [1.118e27])
    │   │   │   │   │   │   │   │   │   ├─ [25415] 0x7EfFD7b47Bfd17e52fB7559d3f924201b9DbfF3d::mint(AAVE_VAULT_USDC: [0x2db0B0fa84C3c8B342183FD0B777C521ec054325], AAVE_VAULT_USDC: [0x2db0B0fa84C3c8B342183FD0B777C521ec054325], 1000000 [1e6], 1118384987370124004593460362 [1.118e27]) [delegatecall]
    │   │   │   │   │   │   │   │   │   │   ├─ [7701] 0x8164Cc65827dcFe994AB23944CBC90e0aa80bFcb::handleAction(AAVE_VAULT_USDC: [0x2db0B0fa84C3c8B342183FD0B777C521ec054325], 2670284844404936 [2.67e15], 692650591520 [6.926e11])
    │   │   │   │   │   │   │   │   │   │   │   ├─ [2675] 0xE7B67F44eA304DD7f6d215b13686637ff64CD2B2::handleAction(AAVE_VAULT_USDC: [0x2db0B0fa84C3c8B342183FD0B777C521ec054325], 2670284844404936 [2.67e15], 692650591520 [6.926e11]) [delegatecall]
    │   │   │   │   │   │   │   │   │   │   │   │   └─ ← [Stop] 
    │   │   │   │   │   │   │   │   │   │   │   └─ ← [Return] 
    │   │   │   │   │   │   │   │   │   │   ├─ emit Transfer(from: 0x0000000000000000000000000000000000000000, to: AAVE_VAULT_USDC: [0x2db0B0fa84C3c8B342183FD0B777C521ec054325], amount: 2632596 [2.632e6])
    │   │   │   │   │   │   │   │   │   │   ├─ emit Mint(param0: AAVE_VAULT_USDC: [0x2db0B0fa84C3c8B342183FD0B777C521ec054325], param1: AAVE_VAULT_USDC: [0x2db0B0fa84C3c8B342183FD0B777C521ec054325], param2: 2632596 [2.632e6], param3: 1632596 [1.632e6], param4: 1118384987370124004593460362 [1.118e27])
    │   │   │   │   │   │   │   │   │   │   └─ ← [Return] 0x0000000000000000000000000000000000000000000000000000000000000000
    │   │   │   │   │   │   │   │   │   └─ ← [Return] 0x0000000000000000000000000000000000000000000000000000000000000000
    │   │   │   │   │   │   │   │   ├─ emit Supply(param0: USDC: [0xA0b86991c6218b36c1d19D4a2e9Eb0cE3606eB48], param1: AAVE_VAULT_USDC: [0x2db0B0fa84C3c8B342183FD0B777C521ec054325], param2: 0x0000000000000000000000000000000000000000, param3: 260844932851404552316667765792237703036280324901 [2.608e47], param4: 1000000 [1e6])
    │   │   │   │   │   │   │   │   └─ ← [Stop] 
    │   │   │   │   │   │   │   └─ ← [Stop] 
    │   │   │   │   │   │   └─ ← [Return] 
    │   │   │   │   │   └─ ← [Stop] 
    │   │   │   │   ├─ [821] 0xdE63817c82e93499357aE198518f90Ac1bE93A72::get(0x414156455f563300000000000000000000000000000000000000000000000000) [staticcall]
    │   │   │   │   │   └─ ← [Return] 0x00000000000000000000000008c28e1c82c09487dcb15a3e0839e8c888eee3cd
    │   │   │   │   ├─ [14695] 0x08c28e1c82C09487DCB15a3e0839e8C888EeE3CD::totalAssets(USDC: [0xA0b86991c6218b36c1d19D4a2e9Eb0cE3606eB48]) [staticcall]
    │   │   │   │   │   ├─ [381] 0x2f39d218133AFaB8F2B819B1066c7E434Ad94E9e::getPoolDataProvider() [staticcall]
    │   │   │   │   │   │   └─ ← [Return] 0x00000000000000000000000041393e5e337606dc3821075af65aee84d7688cbd
    │   │   │   │   │   ├─ [9294] 0x41393e5e337606dc3821075Af65AeE84D7688CBD::getReserveTokensAddresses(USDC: [0xA0b86991c6218b36c1d19D4a2e9Eb0cE3606eB48]) [staticcall]
    │   │   │   │   │   │   ├─ [350] 0x2f39d218133AFaB8F2B819B1066c7E434Ad94E9e::getPool() [staticcall]
    │   │   │   │   │   │   │   └─ ← [Return] 0x00000000000000000000000087870bca3f3fd6335c3f4ce8392d69350b4fa4e2
    │   │   │   │   │   │   ├─ [5791] 0x87870Bca3F3fD6335C3F4ce8392D69350B4fA4E2::getReserveData(USDC: [0xA0b86991c6218b36c1d19D4a2e9Eb0cE3606eB48]) [staticcall]
    │   │   │   │   │   │   │   ├─ [5193] 0xeF434E4573b90b6ECd4a00f4888381e4D0CC5Ccd::getReserveData(USDC: [0xA0b86991c6218b36c1d19D4a2e9Eb0cE3606eB48]) [delegatecall]
    │   │   │   │   │   │   │   │   ├─ [488] 0x2f39d218133AFaB8F2B819B1066c7E434Ad94E9e::getAddress(0x4d4f434b5f535441424c455f4445425400000000000000000000000000000000) [staticcall]
    │   │   │   │   │   │   │   │   │   └─ ← [Return] 0x000000000000000000000000102633152313c81cd80419b6ecf66d14ad68949a
    │   │   │   │   │   │   │   │   └─ ← [Return] 0x100000000000000000000007d011e1a30001017df80003e8a50628d21e781d4c0000000000000000000000000000000000000000039d1b3ba62af70ba52f648a000000000000000000000000000000000000000000313b537b6100968b71a180000000000000000000000000000000000000000003b9e081a8fa933f7c26a8990000000000000000000000000000000000000000004b34ea40c1ba18525008ee000000000000000000000000000000000000000000000000000000000000000000000000000000000000000000000000000000000000000000000000679e24d7000000000000000000000000000000000000000000000000000000000000000300000000000000000000000098c23e9d8f34fefb1b7bd6a91b7ff122f4e16f5c000000000000000000000000102633152313c81cd80419b6ecf66d14ad68949a00000000000000000000000072e95b8931767c79ba4eee721354d6e99a61d0040000000000000000000000009ec6f08190dea04a54f8afc53db96134e5e3fdfb00000000000000000000000000000000000000000000000000000019e1e7953900000000000000000000000000000000000000000000000000000000000000000000000000000000000000000000000000000000000000000000000000000000
    │   │   │   │   │   │   │   └─ ← [Return] 0x100000000000000000000007d011e1a30001017df80003e8a50628d21e781d4c0000000000000000000000000000000000000000039d1b3ba62af70ba52f648a000000000000000000000000000000000000000000313b537b6100968b71a180000000000000000000000000000000000000000003b9e081a8fa933f7c26a8990000000000000000000000000000000000000000004b34ea40c1ba18525008ee000000000000000000000000000000000000000000000000000000000000000000000000000000000000000000000000000000000000000000000000679e24d7000000000000000000000000000000000000000000000000000000000000000300000000000000000000000098c23e9d8f34fefb1b7bd6a91b7ff122f4e16f5c000000000000000000000000102633152313c81cd80419b6ecf66d14ad68949a00000000000000000000000072e95b8931767c79ba4eee721354d6e99a61d0040000000000000000000000009ec6f08190dea04a54f8afc53db96134e5e3fdfb00000000000000000000000000000000000000000000000000000019e1e7953900000000000000000000000000000000000000000000000000000000000000000000000000000000000000000000000000000000000000000000000000000000
    │   │   │   │   │   │   └─ ← [Return] 0x00000000000000000000000098c23e9d8f34fefb1b7bd6a91b7ff122f4e16f5c000000000000000000000000000000000000000000000000000000000000000000000000000000000000000072e95b8931767c79ba4eee721354d6e99a61d004
    │   │   │   │   │   ├─ [3145] 0x98C23E9d8f34FEFb1B7BD6a91B7FF122F4e16F5c::balanceOf(AAVE_VAULT_USDC: [0x2db0B0fa84C3c8B342183FD0B777C521ec054325]) [staticcall]
    │   │   │   │   │   │   ├─ [2593] 0x7EfFD7b47Bfd17e52fB7559d3f924201b9DbfF3d::balanceOf(AAVE_VAULT_USDC: [0x2db0B0fa84C3c8B342183FD0B777C521ec054325]) [delegatecall]
    │   │   │   │   │   │   │   ├─ [1419] 0x87870Bca3F3fD6335C3F4ce8392D69350B4fA4E2::getReserveNormalizedIncome(USDC: [0xA0b86991c6218b36c1d19D4a2e9Eb0cE3606eB48]) [staticcall]
    │   │   │   │   │   │   │   │   ├─ [867] 0xeF434E4573b90b6ECd4a00f4888381e4D0CC5Ccd::getReserveNormalizedIncome(USDC: [0xA0b86991c6218b36c1d19D4a2e9Eb0cE3606eB48]) [delegatecall]
    │   │   │   │   │   │   │   │   │   └─ ← [Return] 0x0000000000000000000000000000000000000000039d1b3ba62af70ba52f648a
    │   │   │   │   │   │   │   │   └─ ← [Return] 0x0000000000000000000000000000000000000000039d1b3ba62af70ba52f648a
    │   │   │   │   │   │   │   └─ ← [Return] 774651023048 [7.746e11]
    │   │   │   │   │   │   └─ ← [Return] 774651023048 [7.746e11]
    │   │   │   │   │   └─ ← [Return] 0x000000000000000000000000000000000000000000000000000000b45ccc8ec8
    │   │   │   │   ├─ [9100] 0x034771103Dc1e9b1f2ebDA95896FC44B6D63eDc7::57a57524(0000000000000000000000000000000000000000000000000000000000000000)
    │   │   │   │   │   ├─ [4161] 0x637F9D0E032EFb98fe8Ae55C6D798FD54060Be04::57a57524(0000000000000000000000000000000000000000000000000000000000000000) [delegatecall]
    │   │   │   │   │   │   ├─ emit DepositFeesCollected(param0: AAVE_VAULT_USDC: [0x2db0B0fa84C3c8B342183FD0B777C521ec054325], param1: 0)
    │   │   │   │   │   │   └─ ← [Stop] 
    │   │   │   │   │   └─ ← [Return] 
    │   │   │   │   ├─ emit Deposit(by: TransparentUpgradeableProxy: [0x5991A2dF15A8F6A256D3Ec51E99254Cd3fb576A9], owner: TransparentUpgradeableProxy: [0x5991A2dF15A8F6A256D3Ec51E99254Cd3fb576A9], assets: 1000000 [1e6], shares: 971014 [9.71e5])
    │   │   │   │   └─ ← [Return] 971014 [9.71e5]
    │   │   │   └─ ← [Return] 971014 [9.71e5]
    │   │   └─ ← [Return] 971014 [9.71e5]
    │   └─ ← [Return] 971014 [9.71e5]
    ├─ [2991] TransparentUpgradeableProxy::fallback(AAVE_VAULT_USDC: [0x2db0B0fa84C3c8B342183FD0B777C521ec054325]) [staticcall]
    │   ├─ [2576] MetaVault::depositedAssets(AAVE_VAULT_USDC: [0x2db0B0fa84C3c8B342183FD0B777C521ec054325]) [delegatecall]
    │   │   └─ ← [Return] 0
    │   └─ ← [Return] 0
    ├─ [0] VM::assertEq(0, 1000000 [1e6]) [staticcall]
    │   └─ ← [Revert] assertion failed: 0 != 1000000
    └─ ← [Revert] assertion failed: 0 != 1000000

[PASS] test_Rebalance_removeFromStrategy() (gas: 956578)
Logs:
  isCurator 0xD22c503216d1FFC1Da829E7B3a12925Cb9641F47 0xD22c503216d1FFC1Da829E7B3a12925Cb9641F47
  isCurator 0xD22c503216d1FFC1Da829E7B3a12925Cb9641F47 0xD22c503216d1FFC1Da829E7B3a12925Cb9641F47

[PASS] test_Rebalance_withdrawBelowLowerBound() (gas: 973405)
Logs:
  isCurator 0xD22c503216d1FFC1Da829E7B3a12925Cb9641F47 0xD22c503216d1FFC1Da829E7B3a12925Cb9641F47
  isCurator 0xD22c503216d1FFC1Da829E7B3a12925Cb9641F47 0xD22c503216d1FFC1Da829E7B3a12925Cb9641F47

[PASS] test_SetCurator() (gas: 33911)
[PASS] test_SetTreasury() (gas: 27662)
[FAIL: EvmError: Revert] test_TellerDeposit_normal() (gas: 290829)
Traces:
  [290829] TellerTest::test_TellerDeposit_normal()
    ├─ [9839] USDC::balanceOf(alice: [0x328809Bc894f92807417D2dAD6b7C998c1aFdac6]) [staticcall]
    │   ├─ [2553] 0x43506849D7C04F9138D1A2050bbF3A0c054402dd::balanceOf(alice: [0x328809Bc894f92807417D2dAD6b7C998c1aFdac6]) [delegatecall]
    │   │   └─ ← [Return] 0
    │   └─ ← [Return] 0
    ├─ [0] VM::record()
    │   └─ ← [Return] 
    ├─ [1339] USDC::balanceOf(alice: [0x328809Bc894f92807417D2dAD6b7C998c1aFdac6]) [staticcall]
    │   ├─ [553] 0x43506849D7C04F9138D1A2050bbF3A0c054402dd::balanceOf(alice: [0x328809Bc894f92807417D2dAD6b7C998c1aFdac6]) [delegatecall]
    │   │   └─ ← [Return] 0
    │   └─ ← [Return] 0
    ├─ [0] VM::accesses(USDC: [0xA0b86991c6218b36c1d19D4a2e9Eb0cE3606eB48])
    │   └─ ← [Return] [0x10d6a54a4754c8869d6886b5f5d7fbfa5b4522237ea5c60d11bc4e7a1ff9390b, 0x7050c9e0f4ca769c69bd3a8ef740bc37934f8e2c036e5a723fd8ee048ed3f8c3, 0xc72d342fadcf766933e0a8af1975f06057ddbde275343c23eafc8b1eef88a140], []
    ├─ [0] VM::load(USDC: [0xA0b86991c6218b36c1d19D4a2e9Eb0cE3606eB48], 0xc72d342fadcf766933e0a8af1975f06057ddbde275343c23eafc8b1eef88a140) [staticcall]
    │   └─ ← [Return] 0x0000000000000000000000000000000000000000000000000000000000000000
    ├─ emit WARNING_UninitedSlot(who: USDC: [0xA0b86991c6218b36c1d19D4a2e9Eb0cE3606eB48], slot: 90090125162216936645078478120999799806540352834892895529602621057096510644544 [9.009e76])
    ├─ [0] VM::load(USDC: [0xA0b86991c6218b36c1d19D4a2e9Eb0cE3606eB48], 0xc72d342fadcf766933e0a8af1975f06057ddbde275343c23eafc8b1eef88a140) [staticcall]
    │   └─ ← [Return] 0x0000000000000000000000000000000000000000000000000000000000000000
    ├─ [1339] USDC::balanceOf(alice: [0x328809Bc894f92807417D2dAD6b7C998c1aFdac6]) [staticcall]
    │   ├─ [553] 0x43506849D7C04F9138D1A2050bbF3A0c054402dd::balanceOf(alice: [0x328809Bc894f92807417D2dAD6b7C998c1aFdac6]) [delegatecall]
    │   │   └─ ← [Return] 0
    │   └─ ← [Return] 0
    ├─ [0] VM::store(USDC: [0xA0b86991c6218b36c1d19D4a2e9Eb0cE3606eB48], 0xc72d342fadcf766933e0a8af1975f06057ddbde275343c23eafc8b1eef88a140, 0xffffffffffffffffffffffffffffffffffffffffffffffffffffffffffffffff)
    │   └─ ← [Return] 
    ├─ [1339] USDC::balanceOf(alice: [0x328809Bc894f92807417D2dAD6b7C998c1aFdac6]) [staticcall]
    │   ├─ [553] 0x43506849D7C04F9138D1A2050bbF3A0c054402dd::balanceOf(alice: [0x328809Bc894f92807417D2dAD6b7C998c1aFdac6]) [delegatecall]
    │   │   └─ ← [Return] 57896044618658097711785492504343953926634992332820282019728792003956564819967 [5.789e76]
    │   └─ ← [Return] 57896044618658097711785492504343953926634992332820282019728792003956564819967 [5.789e76]
    ├─ [0] VM::store(USDC: [0xA0b86991c6218b36c1d19D4a2e9Eb0cE3606eB48], 0xc72d342fadcf766933e0a8af1975f06057ddbde275343c23eafc8b1eef88a140, 0x0000000000000000000000000000000000000000000000000000000000000000)
    │   └─ ← [Return] 
    ├─ emit SlotFound(who: USDC: [0xA0b86991c6218b36c1d19D4a2e9Eb0cE3606eB48], fsig: 0x70a08231, keysHash: 0xd3751b735d9edcdf3462f9493be94138f68ee6a5bfd2c14f7e1a7b0b58f11cca, slot: 90090125162216936645078478120999799806540352834892895529602621057096510644544 [9.009e76])
    ├─ [0] VM::load(USDC: [0xA0b86991c6218b36c1d19D4a2e9Eb0cE3606eB48], 0xc72d342fadcf766933e0a8af1975f06057ddbde275343c23eafc8b1eef88a140) [staticcall]
    │   └─ ← [Return] 0x0000000000000000000000000000000000000000000000000000000000000000
    ├─ [0] VM::store(USDC: [0xA0b86991c6218b36c1d19D4a2e9Eb0cE3606eB48], 0xc72d342fadcf766933e0a8af1975f06057ddbde275343c23eafc8b1eef88a140, 0x00000000000000000000000000000000000000000000000000000000000f4240)
    │   └─ ← [Return] 
    ├─ [1339] USDC::balanceOf(alice: [0x328809Bc894f92807417D2dAD6b7C998c1aFdac6]) [staticcall]
    │   ├─ [553] 0x43506849D7C04F9138D1A2050bbF3A0c054402dd::balanceOf(alice: [0x328809Bc894f92807417D2dAD6b7C998c1aFdac6]) [delegatecall]
    │   │   └─ ← [Return] 1000000 [1e6]
    │   └─ ← [Return] 1000000 [1e6]
    ├─ [0] VM::prank(alice: [0x328809Bc894f92807417D2dAD6b7C998c1aFdac6])
    │   └─ ← [Return] 
    ├─ [27462] USDC::approve(TransparentUpgradeableProxy: [0x5991A2dF15A8F6A256D3Ec51E99254Cd3fb576A9], 1000000 [1e6])
    │   ├─ [26673] 0x43506849D7C04F9138D1A2050bbF3A0c054402dd::approve(TransparentUpgradeableProxy: [0x5991A2dF15A8F6A256D3Ec51E99254Cd3fb576A9], 1000000 [1e6]) [delegatecall]
    │   │   ├─ emit Approval(owner: alice: [0x328809Bc894f92807417D2dAD6b7C998c1aFdac6], spender: TransparentUpgradeableProxy: [0x5991A2dF15A8F6A256D3Ec51E99254Cd3fb576A9], amount: 1000000 [1e6])
    │   │   └─ ← [Return] true
    │   └─ ← [Return] true
    ├─ [0] VM::prank(alice: [0x328809Bc894f92807417D2dAD6b7C998c1aFdac6])
    │   └─ ← [Return] 
    ├─ [23907] TransparentUpgradeableProxy::fallback(USDC: [0xA0b86991c6218b36c1d19D4a2e9Eb0cE3606eB48], 1000000 [1e6], alice: [0x328809Bc894f92807417D2dAD6b7C998c1aFdac6])
    │   ├─ [18985] Teller::deposit(USDC: [0xA0b86991c6218b36c1d19D4a2e9Eb0cE3606eB48], 1000000 [1e6], alice: [0x328809Bc894f92807417D2dAD6b7C998c1aFdac6]) [delegatecall]
    │   │   ├─ [7263] TransparentUpgradeableProxy::fallback() [staticcall]
    │   │   │   ├─ [2351] AccessControl::getMetaVault() [delegatecall]
    │   │   │   │   └─ ← [Return] METAVAULT: [0x07436f783f960c7aE2935123ED5E3381D06E4a74]
    │   │   │   └─ ← [Return] METAVAULT: [0x07436f783f960c7aE2935123ED5E3381D06E4a74]
    │   │   ├─ [2770] TransparentUpgradeableProxy::fallback() [staticcall]
    │   │   │   ├─ [2358] AccessControl::accountant() [delegatecall]
    │   │   │   │   └─ ← [Return] ACCOUNTANT: [0xe6DF5DA7A000Ea187C2ce0CEf5800D119c881579]
    │   │   │   └─ ← [Return] ACCOUNTANT: [0xe6DF5DA7A000Ea187C2ce0CEf5800D119c881579]
    │   │   ├─ [0] ACCOUNTANT::mint(USDC: [0xA0b86991c6218b36c1d19D4a2e9Eb0cE3606eB48], 1000000 [1e6])
    │   │   │   └─ ← [Stop] 
    │   │   └─ ← [Revert] EvmError: Revert
    │   └─ ← [Revert] EvmError: Revert
    └─ ← [Revert] EvmError: Revert

[PASS] test_TellerDeposit_withoutApprove() (gas: 204513)
[FAIL: EvmError: Revert] test_TellerWitdraw_normal() (gas: 471247)
Traces:
  [471247] TellerTest::test_TellerWitdraw_normal()
    ├─ [7541] TransparentUpgradeableProxy::fallback(alice: [0x328809Bc894f92807417D2dAD6b7C998c1aFdac6]) [staticcall]
    │   ├─ [2626] MetaVault::balanceOf(alice: [0x328809Bc894f92807417D2dAD6b7C998c1aFdac6]) [delegatecall]
    │   │   └─ ← [Return] 0
    │   └─ ← [Return] 0
    ├─ [0] VM::record()
    │   └─ ← [Return] 
    ├─ [1041] TransparentUpgradeableProxy::fallback(alice: [0x328809Bc894f92807417D2dAD6b7C998c1aFdac6]) [staticcall]
    │   ├─ [626] MetaVault::balanceOf(alice: [0x328809Bc894f92807417D2dAD6b7C998c1aFdac6]) [delegatecall]
    │   │   └─ ← [Return] 0
    │   └─ ← [Return] 0
    ├─ [0] VM::accesses(TransparentUpgradeableProxy: [0x5991A2dF15A8F6A256D3Ec51E99254Cd3fb576A9])
    │   └─ ← [Return] [0x360894a13ba1a3210667c828492db98dca3e2076cc3735a920a3ca505d382bbc, 0x0bf5c87a0110649063b3915f586b5b97d71550961f7f427e95994869f9e8569b], []
    ├─ [0] VM::load(TransparentUpgradeableProxy: [0x5991A2dF15A8F6A256D3Ec51E99254Cd3fb576A9], 0x0bf5c87a0110649063b3915f586b5b97d71550961f7f427e95994869f9e8569b) [staticcall]
    │   └─ ← [Return] 0x0000000000000000000000000000000000000000000000000000000000000000
    ├─ emit WARNING_UninitedSlot(who: TransparentUpgradeableProxy: [0x5991A2dF15A8F6A256D3Ec51E99254Cd3fb576A9], slot: 5409702503781541848039605476781715390660070696736089308357579836526703433371 [5.409e75])
    ├─ [0] VM::load(TransparentUpgradeableProxy: [0x5991A2dF15A8F6A256D3Ec51E99254Cd3fb576A9], 0x0bf5c87a0110649063b3915f586b5b97d71550961f7f427e95994869f9e8569b) [staticcall]
    │   └─ ← [Return] 0x0000000000000000000000000000000000000000000000000000000000000000
    ├─ [1041] TransparentUpgradeableProxy::fallback(alice: [0x328809Bc894f92807417D2dAD6b7C998c1aFdac6]) [staticcall]
    │   ├─ [626] MetaVault::balanceOf(alice: [0x328809Bc894f92807417D2dAD6b7C998c1aFdac6]) [delegatecall]
    │   │   └─ ← [Return] 0
    │   └─ ← [Return] 0
    ├─ [0] VM::store(TransparentUpgradeableProxy: [0x5991A2dF15A8F6A256D3Ec51E99254Cd3fb576A9], 0x0bf5c87a0110649063b3915f586b5b97d71550961f7f427e95994869f9e8569b, 0xffffffffffffffffffffffffffffffffffffffffffffffffffffffffffffffff)
    │   └─ ← [Return] 
    ├─ [1041] TransparentUpgradeableProxy::fallback(alice: [0x328809Bc894f92807417D2dAD6b7C998c1aFdac6]) [staticcall]
    │   ├─ [626] MetaVault::balanceOf(alice: [0x328809Bc894f92807417D2dAD6b7C998c1aFdac6]) [delegatecall]
    │   │   └─ ← [Return] 115792089237316195423570985008687907853269984665640564039457584007913129639935 [1.157e77]
    │   └─ ← [Return] 115792089237316195423570985008687907853269984665640564039457584007913129639935 [1.157e77]
    ├─ [0] VM::store(TransparentUpgradeableProxy: [0x5991A2dF15A8F6A256D3Ec51E99254Cd3fb576A9], 0x0bf5c87a0110649063b3915f586b5b97d71550961f7f427e95994869f9e8569b, 0x0000000000000000000000000000000000000000000000000000000000000000)
    │   └─ ← [Return] 
    ├─ emit SlotFound(who: TransparentUpgradeableProxy: [0x5991A2dF15A8F6A256D3Ec51E99254Cd3fb576A9], fsig: 0x70a08231, keysHash: 0xd3751b735d9edcdf3462f9493be94138f68ee6a5bfd2c14f7e1a7b0b58f11cca, slot: 5409702503781541848039605476781715390660070696736089308357579836526703433371 [5.409e75])
    ├─ [0] VM::load(TransparentUpgradeableProxy: [0x5991A2dF15A8F6A256D3Ec51E99254Cd3fb576A9], 0x0bf5c87a0110649063b3915f586b5b97d71550961f7f427e95994869f9e8569b) [staticcall]
    │   └─ ← [Return] 0x0000000000000000000000000000000000000000000000000000000000000000
    ├─ [0] VM::store(TransparentUpgradeableProxy: [0x5991A2dF15A8F6A256D3Ec51E99254Cd3fb576A9], 0x0bf5c87a0110649063b3915f586b5b97d71550961f7f427e95994869f9e8569b, 0x00000000000000000000000000000000000000000000000000000000000f4240)
    │   └─ ← [Return] 
    ├─ [1041] TransparentUpgradeableProxy::fallback(alice: [0x328809Bc894f92807417D2dAD6b7C998c1aFdac6]) [staticcall]
    │   ├─ [626] MetaVault::balanceOf(alice: [0x328809Bc894f92807417D2dAD6b7C998c1aFdac6]) [delegatecall]
    │   │   └─ ← [Return] 1000000 [1e6]
    │   └─ ← [Return] 1000000 [1e6]
    ├─ [9839] USDC::balanceOf(TransparentUpgradeableProxy: [0x5991A2dF15A8F6A256D3Ec51E99254Cd3fb576A9]) [staticcall]
    │   ├─ [2553] 0x43506849D7C04F9138D1A2050bbF3A0c054402dd::balanceOf(TransparentUpgradeableProxy: [0x5991A2dF15A8F6A256D3Ec51E99254Cd3fb576A9]) [delegatecall]
    │   │   └─ ← [Return] 0
    │   └─ ← [Return] 0
    ├─ [0] VM::record()
    │   └─ ← [Return] 
    ├─ [1339] USDC::balanceOf(TransparentUpgradeableProxy: [0x5991A2dF15A8F6A256D3Ec51E99254Cd3fb576A9]) [staticcall]
    │   ├─ [553] 0x43506849D7C04F9138D1A2050bbF3A0c054402dd::balanceOf(TransparentUpgradeableProxy: [0x5991A2dF15A8F6A256D3Ec51E99254Cd3fb576A9]) [delegatecall]
    │   │   └─ ← [Return] 0
    │   └─ ← [Return] 0
    ├─ [0] VM::accesses(USDC: [0xA0b86991c6218b36c1d19D4a2e9Eb0cE3606eB48])
    │   └─ ← [Return] [0x10d6a54a4754c8869d6886b5f5d7fbfa5b4522237ea5c60d11bc4e7a1ff9390b, 0x7050c9e0f4ca769c69bd3a8ef740bc37934f8e2c036e5a723fd8ee048ed3f8c3, 0x6b8dd46a5f48b5fcd470d16c30fb6cee3a68c3e5fdff5a5d797d77fac729347f], []
    ├─ [0] VM::load(USDC: [0xA0b86991c6218b36c1d19D4a2e9Eb0cE3606eB48], 0x6b8dd46a5f48b5fcd470d16c30fb6cee3a68c3e5fdff5a5d797d77fac729347f) [staticcall]
    │   └─ ← [Return] 0x0000000000000000000000000000000000000000000000000000000000000000
    ├─ emit WARNING_UninitedSlot(who: USDC: [0xA0b86991c6218b36c1d19D4a2e9Eb0cE3606eB48], slot: 48648066272557701297277077828354180453910627869480946462802103341686614209663 [4.864e76])
    ├─ [0] VM::load(USDC: [0xA0b86991c6218b36c1d19D4a2e9Eb0cE3606eB48], 0x6b8dd46a5f48b5fcd470d16c30fb6cee3a68c3e5fdff5a5d797d77fac729347f) [staticcall]
    │   └─ ← [Return] 0x0000000000000000000000000000000000000000000000000000000000000000
    ├─ [1339] USDC::balanceOf(TransparentUpgradeableProxy: [0x5991A2dF15A8F6A256D3Ec51E99254Cd3fb576A9]) [staticcall]
    │   ├─ [553] 0x43506849D7C04F9138D1A2050bbF3A0c054402dd::balanceOf(TransparentUpgradeableProxy: [0x5991A2dF15A8F6A256D3Ec51E99254Cd3fb576A9]) [delegatecall]
    │   │   └─ ← [Return] 0
    │   └─ ← [Return] 0
    ├─ [0] VM::store(USDC: [0xA0b86991c6218b36c1d19D4a2e9Eb0cE3606eB48], 0x6b8dd46a5f48b5fcd470d16c30fb6cee3a68c3e5fdff5a5d797d77fac729347f, 0xffffffffffffffffffffffffffffffffffffffffffffffffffffffffffffffff)
    │   └─ ← [Return] 
    ├─ [1339] USDC::balanceOf(TransparentUpgradeableProxy: [0x5991A2dF15A8F6A256D3Ec51E99254Cd3fb576A9]) [staticcall]
    │   ├─ [553] 0x43506849D7C04F9138D1A2050bbF3A0c054402dd::balanceOf(TransparentUpgradeableProxy: [0x5991A2dF15A8F6A256D3Ec51E99254Cd3fb576A9]) [delegatecall]
    │   │   └─ ← [Return] 57896044618658097711785492504343953926634992332820282019728792003956564819967 [5.789e76]
    │   └─ ← [Return] 57896044618658097711785492504343953926634992332820282019728792003956564819967 [5.789e76]
    ├─ [0] VM::store(USDC: [0xA0b86991c6218b36c1d19D4a2e9Eb0cE3606eB48], 0x6b8dd46a5f48b5fcd470d16c30fb6cee3a68c3e5fdff5a5d797d77fac729347f, 0x0000000000000000000000000000000000000000000000000000000000000000)
    │   └─ ← [Return] 
    ├─ emit SlotFound(who: USDC: [0xA0b86991c6218b36c1d19D4a2e9Eb0cE3606eB48], fsig: 0x70a08231, keysHash: 0x6aabb5e3159f63e459180f984db14c38dd83524ae5f05f37086f1b3a53e50715, slot: 48648066272557701297277077828354180453910627869480946462802103341686614209663 [4.864e76])
    ├─ [0] VM::load(USDC: [0xA0b86991c6218b36c1d19D4a2e9Eb0cE3606eB48], 0x6b8dd46a5f48b5fcd470d16c30fb6cee3a68c3e5fdff5a5d797d77fac729347f) [staticcall]
    │   └─ ← [Return] 0x0000000000000000000000000000000000000000000000000000000000000000
    ├─ [0] VM::store(USDC: [0xA0b86991c6218b36c1d19D4a2e9Eb0cE3606eB48], 0x6b8dd46a5f48b5fcd470d16c30fb6cee3a68c3e5fdff5a5d797d77fac729347f, 0x00000000000000000000000000000000000000000000000000000000000f4240)
    │   └─ ← [Return] 
    ├─ [1339] USDC::balanceOf(TransparentUpgradeableProxy: [0x5991A2dF15A8F6A256D3Ec51E99254Cd3fb576A9]) [staticcall]
    │   ├─ [553] 0x43506849D7C04F9138D1A2050bbF3A0c054402dd::balanceOf(TransparentUpgradeableProxy: [0x5991A2dF15A8F6A256D3Ec51E99254Cd3fb576A9]) [delegatecall]
    │   │   └─ ← [Return] 1000000 [1e6]
    │   └─ ← [Return] 1000000 [1e6]
    ├─ [0] VM::prank(alice: [0x328809Bc894f92807417D2dAD6b7C998c1aFdac6])
    │   └─ ← [Return] 
    ├─ [23864] TransparentUpgradeableProxy::fallback(USDC: [0xA0b86991c6218b36c1d19D4a2e9Eb0cE3606eB48], 1000000 [1e6], alice: [0x328809Bc894f92807417D2dAD6b7C998c1aFdac6])
    │   ├─ [18942] Teller::withdraw(USDC: [0xA0b86991c6218b36c1d19D4a2e9Eb0cE3606eB48], 1000000 [1e6], alice: [0x328809Bc894f92807417D2dAD6b7C998c1aFdac6]) [delegatecall]
    │   │   ├─ [7263] TransparentUpgradeableProxy::fallback() [staticcall]
    │   │   │   ├─ [2351] AccessControl::getMetaVault() [delegatecall]
    │   │   │   │   └─ ← [Return] METAVAULT: [0x07436f783f960c7aE2935123ED5E3381D06E4a74]
    │   │   │   └─ ← [Return] METAVAULT: [0x07436f783f960c7aE2935123ED5E3381D06E4a74]
    │   │   ├─ [2770] TransparentUpgradeableProxy::fallback() [staticcall]
    │   │   │   ├─ [2358] AccessControl::accountant() [delegatecall]
    │   │   │   │   └─ ← [Return] ACCOUNTANT: [0xe6DF5DA7A000Ea187C2ce0CEf5800D119c881579]
    │   │   │   └─ ← [Return] ACCOUNTANT: [0xe6DF5DA7A000Ea187C2ce0CEf5800D119c881579]
    │   │   ├─ [0] ACCOUNTANT::burn(USDC: [0xA0b86991c6218b36c1d19D4a2e9Eb0cE3606eB48], 1000000 [1e6])
    │   │   │   └─ ← [Stop] 
    │   │   └─ ← [Revert] EvmError: Revert
    │   └─ ← [Revert] EvmError: Revert
    └─ ← [Revert] EvmError: Revert

Suite result: FAILED. 17 passed; 4 failed; 0 skipped; finished in 731.59ms (100.26ms CPU time)

Ran 1 test suite in 1.21s (731.59ms CPU time): 17 tests passed, 4 failed, 0 skipped (21 total tests)

Failing tests:
Encountered 4 failing tests in test/Teller/TellerTest.t.sol:TellerTest
[FAIL: EvmError: Revert] test_DepositAndBridge_normal() (gas: 513594)
[FAIL: assertion failed: 0 != 1000000] test_Rebalance_firstStrategy() (gas: 907522)
[FAIL: EvmError: Revert] test_TellerDeposit_normal() (gas: 290829)
[FAIL: EvmError: Revert] test_TellerWitdraw_normal() (gas: 471247)

Encountered a total of 4 failing tests, 17 tests succeeded
